2023-10-05 09:21:34,481 [INFO] Activator:177 - 


2023-10-05 09:21:34,496 [INFO] Activator:178 - !SESSION log4j initialized
2023-10-05 09:22:28,487 [INFO] McuFinderGlobals:39 - Set McuFinder mode to 2 (CubeIDE integrated)
2023-10-05 09:22:28,769 [INFO] ApplicationProperties:181 - Using Application install path: C:\ST\STM32CubeIDE_1.7.0\STM32CubeIDE\plugins\com.st.stm32cube.common.mx_6.3.0.202107141111
2023-10-05 09:22:28,785 [INFO] DbMcusXml:74 - Set database path to: C:\ST\STM32CubeIDE_1.7.0\STM32CubeIDE\plugins\com.st.stm32cube.common.mx_6.3.0.202107141111\\db\/mcu/
2023-10-05 09:22:28,798 [INFO] DbBoardsPdsc:56 - Set plugin database path to: C:\ST\STM32CubeIDE_1.7.0\STM32CubeIDE\plugins\com.st.stm32cube.common.mx_6.3.0.202107141111\\db\/plugins/boardmanager/
2023-10-05 09:22:28,799 [INFO] DbMcus:258 - Set plugin images path to: C:\ST\STM32CubeIDE_1.7.0\STM32CubeIDE\plugins\com.st.stm32cube.common.mx_6.3.0.202107141111\\db\/plugins/mcufinder/images/
2023-10-05 09:22:28,799 [INFO] DbBoards:264 - Set plugin images path to: C:\ST\STM32CubeIDE_1.7.0\STM32CubeIDE\plugins\com.st.stm32cube.common.mx_6.3.0.202107141111\\db\/plugins/mcufinder/images/
2023-10-05 09:22:28,802 [INFO] DbExamples:333 - Set plugin images path to: C:\ST\STM32CubeIDE_1.7.0\STM32CubeIDE\plugins\com.st.stm32cube.common.mx_6.3.0.202107141111\\db\/plugins/mcufinder/images/
2023-10-05 09:22:28,805 [INFO] DbMcusAds:119 - Set database path to: C:\Users\ASUS TUF\.stmcufinder\plugins\mcufinder//mcu/
2023-10-05 09:22:28,806 [INFO] DbMcusDocs:110 - Set database path to: C:\Users\ASUS TUF\.stmcufinder\plugins\mcufinder//mcu/
2023-10-05 09:22:28,808 [INFO] DbMcusJson:64 - Set database path to: C:\Users\ASUS TUF\.stmcufinder\plugins\mcufinder//mcu/
2023-10-05 09:22:28,808 [INFO] DbBoardsDocs:110 - Set database path to: C:\Users\ASUS TUF\.stmcufinder\plugins\mcufinder//mcu/
2023-10-05 09:22:28,809 [INFO] DbBoardsJson:57 - Set database path to: C:\Users\ASUS TUF\.stmcufinder\plugins\mcufinder//mcu/
2023-10-05 09:22:28,812 [INFO] CrossReferenceDbSqlite:196 - Set database path to: C:\Users\ASUS TUF\.stmcufinder\plugins\mcufinder//mcu/cs/
2023-10-05 09:22:28,812 [INFO] DbExamplesSqlite:767 - Set database path to: C:\Users\ASUS TUF\.stmcufinder\plugins\mcufinder//mcu/
2023-10-05 09:22:28,890 [INFO] RulesReader:57 - Compatibility file has been processed (242 Rules)
2023-10-05 09:22:28,969 [INFO] DbMcusXml:74 - Set database path to: C:\ST\STM32CubeIDE_1.7.0\STM32CubeIDE\plugins\com.st.stm32cube.common.mx_6.3.0.202107141111\\db\/mcu/
2023-10-05 09:22:28,984 [INFO] DbBoardsPdsc:56 - Set plugin database path to: C:\ST\STM32CubeIDE_1.7.0\STM32CubeIDE\plugins\com.st.stm32cube.common.mx_6.3.0.202107141111\\db\/plugins/boardmanager/
2023-10-05 09:22:28,984 [INFO] DbMcus:258 - Set plugin images path to: C:\ST\STM32CubeIDE_1.7.0\STM32CubeIDE\plugins\com.st.stm32cube.common.mx_6.3.0.202107141111\\db\/plugins/mcufinder/images/
2023-10-05 09:22:28,984 [INFO] DbBoards:264 - Set plugin images path to: C:\ST\STM32CubeIDE_1.7.0\STM32CubeIDE\plugins\com.st.stm32cube.common.mx_6.3.0.202107141111\\db\/plugins/mcufinder/images/
2023-10-05 09:22:28,984 [INFO] DbExamples:333 - Set plugin images path to: C:\ST\STM32CubeIDE_1.7.0\STM32CubeIDE\plugins\com.st.stm32cube.common.mx_6.3.0.202107141111\\db\/plugins/mcufinder/images/
2023-10-05 09:22:28,984 [WARN] DbFile:35 - Overriding database path with different value: C:\Users\ASUS TUF\.stmcufinder\plugins\mcufinder/ => C:\Users\ASUS TUF\.stmcufinder\plugins\mcufinder
2023-10-05 09:22:28,984 [INFO] DbMcusAds:119 - Set database path to: C:\Users\ASUS TUF\.stmcufinder\plugins\mcufinder//mcu/
2023-10-05 09:22:28,984 [WARN] DbFile:35 - Overriding database path with different value: C:\Users\ASUS TUF\.stmcufinder\plugins\mcufinder/ => C:\Users\ASUS TUF\.stmcufinder\plugins\mcufinder
2023-10-05 09:22:28,984 [INFO] DbMcusDocs:110 - Set database path to: C:\Users\ASUS TUF\.stmcufinder\plugins\mcufinder//mcu/
2023-10-05 09:22:28,984 [WARN] DbFile:35 - Overriding database path with different value: C:\Users\ASUS TUF\.stmcufinder\plugins\mcufinder/ => C:\Users\ASUS TUF\.stmcufinder\plugins\mcufinder
2023-10-05 09:22:28,984 [INFO] DbMcusJson:64 - Set database path to: C:\Users\ASUS TUF\.stmcufinder\plugins\mcufinder//mcu/
2023-10-05 09:22:28,984 [WARN] DbFile:35 - Overriding database path with different value: C:\Users\ASUS TUF\.stmcufinder\plugins\mcufinder/ => C:\Users\ASUS TUF\.stmcufinder\plugins\mcufinder
2023-10-05 09:22:28,984 [INFO] DbBoardsDocs:110 - Set database path to: C:\Users\ASUS TUF\.stmcufinder\plugins\mcufinder//mcu/
2023-10-05 09:22:28,984 [WARN] DbFile:35 - Overriding database path with different value: C:\Users\ASUS TUF\.stmcufinder\plugins\mcufinder/ => C:\Users\ASUS TUF\.stmcufinder\plugins\mcufinder
2023-10-05 09:22:28,984 [INFO] DbBoardsJson:57 - Set database path to: C:\Users\ASUS TUF\.stmcufinder\plugins\mcufinder//mcu/
2023-10-05 09:22:28,984 [WARN] DbFile:35 - Overriding database path with different value: C:\Users\ASUS TUF\.stmcufinder\plugins\mcufinder/ => C:\Users\ASUS TUF\.stmcufinder\plugins\mcufinder
2023-10-05 09:22:28,984 [WARN] DbFile:35 - Overriding database path with different value: C:\Users\ASUS TUF\.stmcufinder\plugins\mcufinder/ => C:\Users\ASUS TUF\.stmcufinder\plugins\mcufinder
2023-10-05 09:22:28,984 [INFO] CrossReferenceDbSqlite:196 - Set database path to: C:\Users\ASUS TUF\.stmcufinder\plugins\mcufinder//mcu/cs/
2023-10-05 09:22:28,984 [WARN] DbFile:35 - Overriding database path with different value: C:\Users\ASUS TUF\.stmcufinder\plugins\mcufinder/ => C:\Users\ASUS TUF\.stmcufinder\plugins\mcufinder
2023-10-05 09:22:28,984 [INFO] DbExamplesSqlite:767 - Set database path to: C:\Users\ASUS TUF\.stmcufinder\plugins\mcufinder//mcu/
2023-10-05 09:22:29,047 [INFO] MainPanel:214 - HeapMemory: 272629760
2023-10-05 09:22:29,157 [INFO] DbMcusXml:74 - Set database path to: C:\ST\STM32CubeIDE_1.7.0\STM32CubeIDE\plugins\com.st.stm32cube.common.mx_6.3.0.202107141111\\db\/mcu/
2023-10-05 09:22:29,157 [INFO] DbBoardsPdsc:56 - Set plugin database path to: C:\ST\STM32CubeIDE_1.7.0\STM32CubeIDE\plugins\com.st.stm32cube.common.mx_6.3.0.202107141111\\db\/plugins/boardmanager/
2023-10-05 09:22:29,157 [INFO] DbMcus:258 - Set plugin images path to: C:\ST\STM32CubeIDE_1.7.0\STM32CubeIDE\plugins\com.st.stm32cube.common.mx_6.3.0.202107141111\\db\/plugins/mcufinder/images/
2023-10-05 09:22:29,157 [INFO] DbBoards:264 - Set plugin images path to: C:\ST\STM32CubeIDE_1.7.0\STM32CubeIDE\plugins\com.st.stm32cube.common.mx_6.3.0.202107141111\\db\/plugins/mcufinder/images/
2023-10-05 09:22:29,157 [INFO] DbExamples:333 - Set plugin images path to: C:\ST\STM32CubeIDE_1.7.0\STM32CubeIDE\plugins\com.st.stm32cube.common.mx_6.3.0.202107141111\\db\/plugins/mcufinder/images/
2023-10-05 09:22:29,157 [WARN] DbFile:35 - Overriding database path with different value: C:\Users\ASUS TUF\.stmcufinder\plugins\mcufinder/ => C:\Users\ASUS TUF\.stmcufinder\plugins\mcufinder
2023-10-05 09:22:29,157 [INFO] DbMcusAds:119 - Set database path to: C:\Users\ASUS TUF\.stmcufinder\plugins\mcufinder//mcu/
2023-10-05 09:22:29,157 [WARN] DbFile:35 - Overriding database path with different value: C:\Users\ASUS TUF\.stmcufinder\plugins\mcufinder/ => C:\Users\ASUS TUF\.stmcufinder\plugins\mcufinder
2023-10-05 09:22:29,157 [INFO] DbMcusDocs:110 - Set database path to: C:\Users\ASUS TUF\.stmcufinder\plugins\mcufinder//mcu/
2023-10-05 09:22:29,157 [WARN] DbFile:35 - Overriding database path with different value: C:\Users\ASUS TUF\.stmcufinder\plugins\mcufinder/ => C:\Users\ASUS TUF\.stmcufinder\plugins\mcufinder
2023-10-05 09:22:29,157 [INFO] DbMcusJson:64 - Set database path to: C:\Users\ASUS TUF\.stmcufinder\plugins\mcufinder//mcu/
2023-10-05 09:22:29,157 [WARN] DbFile:35 - Overriding database path with different value: C:\Users\ASUS TUF\.stmcufinder\plugins\mcufinder/ => C:\Users\ASUS TUF\.stmcufinder\plugins\mcufinder
2023-10-05 09:22:29,157 [INFO] DbBoardsDocs:110 - Set database path to: C:\Users\ASUS TUF\.stmcufinder\plugins\mcufinder//mcu/
2023-10-05 09:22:29,157 [WARN] DbFile:35 - Overriding database path with different value: C:\Users\ASUS TUF\.stmcufinder\plugins\mcufinder/ => C:\Users\ASUS TUF\.stmcufinder\plugins\mcufinder
2023-10-05 09:22:29,157 [INFO] DbBoardsJson:57 - Set database path to: C:\Users\ASUS TUF\.stmcufinder\plugins\mcufinder//mcu/
2023-10-05 09:22:29,157 [WARN] DbFile:35 - Overriding database path with different value: C:\Users\ASUS TUF\.stmcufinder\plugins\mcufinder/ => C:\Users\ASUS TUF\.stmcufinder\plugins\mcufinder
2023-10-05 09:22:29,157 [WARN] DbFile:35 - Overriding database path with different value: C:\Users\ASUS TUF\.stmcufinder\plugins\mcufinder/ => C:\Users\ASUS TUF\.stmcufinder\plugins\mcufinder
2023-10-05 09:22:29,157 [INFO] CrossReferenceDbSqlite:196 - Set database path to: C:\Users\ASUS TUF\.stmcufinder\plugins\mcufinder//mcu/cs/
2023-10-05 09:22:29,157 [WARN] DbFile:35 - Overriding database path with different value: C:\Users\ASUS TUF\.stmcufinder\plugins\mcufinder/ => C:\Users\ASUS TUF\.stmcufinder\plugins\mcufinder
2023-10-05 09:22:29,157 [INFO] DbExamplesSqlite:767 - Set database path to: C:\Users\ASUS TUF\.stmcufinder\plugins\mcufinder//mcu/
2023-10-05 09:22:29,173 [INFO] ApplicationProperties:181 - Using Application install path: C:\ST\STM32CubeIDE_1.7.0\STM32CubeIDE\plugins\com.st.stm32cube.common.mx_6.3.0.202107141111
2023-10-05 09:22:29,173 [INFO] PluginManage:188 - Search for loadable plugins [exclusion list=, ]
2023-10-05 09:22:29,173 [INFO] PluginManage:302 - Check plugin analytics
2023-10-05 09:22:29,298 [INFO] AnalyticsPlugin:257 - Accepted Software Licenses: 
2023-10-05 09:22:29,298 [INFO] AnalyticsPlugin:259 - Accepted CMSIS Pack Licenses: 
2023-10-05 09:22:29,298 [INFO] AnalyticsPlugin:261 - Accepted Firmware Licenses: 
2023-10-05 09:22:29,298 [INFO] PluginManage:352 - Loaded plugin analytics (category:tool,tabindex:-1)
2023-10-05 09:22:29,298 [INFO] PluginManage:302 - Check plugin clock
2023-10-05 09:22:29,314 [INFO] PluginManage:352 - Loaded plugin clock (category:base,tabindex:2)
2023-10-05 09:22:29,314 [INFO] PluginManage:302 - Check plugin ddr
2023-10-05 09:22:29,314 [INFO] PluginManage:352 - Loaded plugin ddr (category:tool,tabindex:6)
2023-10-05 09:22:29,314 [INFO] PluginManage:302 - Check plugin filemanager
2023-10-05 09:22:29,407 [INFO] PluginManage:352 - Loaded plugin filemanager (category:base,tabindex:10)
2023-10-05 09:22:29,407 [INFO] PluginManage:302 - Check plugin ipmanager
2023-10-05 09:22:29,423 [INFO] PluginManage:352 - Loaded plugin ipmanager (category:base,tabindex:5)
2023-10-05 09:22:29,423 [INFO] PluginManage:302 - Check plugin pinoutandconfiguration
2023-10-05 09:22:29,439 [INFO] PluginManage:352 - Loaded plugin pinoutandconfiguration (category:base,tabindex:1)
2023-10-05 09:22:29,439 [INFO] PluginManage:302 - Check plugin pinoutconfig
2023-10-05 09:22:29,455 [INFO] PluginManage:352 - Loaded plugin pinoutconfig (category:base,tabindex:0)
2023-10-05 09:22:29,455 [INFO] PluginManage:302 - Check plugin power
2023-10-05 09:22:29,470 [INFO] PluginManage:352 - Loaded plugin power (category:power,tabindex:4)
2023-10-05 09:22:29,470 [INFO] PluginManage:302 - Check plugin projectmanager
2023-10-05 09:22:29,486 [INFO] PluginManage:352 - Loaded plugin projectmanager (category:projectmanager,tabindex:3)
2023-10-05 09:22:29,486 [INFO] PluginManage:302 - Check plugin thirdparty
2023-10-05 09:22:29,674 [WARN] IntegrityCheckThread:78 - waiting for thirdparty lock release [integrity check]
2023-10-05 09:22:29,674 [INFO] PluginManage:352 - Loaded plugin thirdparty (category:base,tabindex:-1)
2023-10-05 09:22:29,674 [INFO] PluginManage:302 - Check plugin tools
2023-10-05 09:22:29,674 [INFO] IntegrityCheckThread:80 - entering critical section [integrity check]
2023-10-05 09:22:29,674 [INFO] ThirdPartyUpdaterWithRetryManager:66 - Updater plugin not ready yet. [1/15]
2023-10-05 09:22:29,721 [INFO] PluginManage:352 - Loaded plugin tools (category:base,tabindex:7)
2023-10-05 09:22:29,721 [INFO] PluginManage:302 - Check plugin tutovideos
2023-10-05 09:22:29,891 [INFO] PluginManage:352 - Loaded plugin tutovideos (category:base,tabindex:-1)
2023-10-05 09:22:29,891 [INFO] PluginManage:302 - Check plugin updater
2023-10-05 09:22:29,906 [INFO] PluginManage:352 - Loaded plugin updater (category:base,tabindex:12)
2023-10-05 09:22:29,906 [INFO] PluginManage:275 - PluginManage : Loaded plugins [13]
2023-10-05 09:22:30,079 [INFO] PinOutPanel:1463 - setPackage(No Configuration,No Configuration)
2023-10-05 09:22:30,158 [INFO] IPUIPlugin:74 - create IPUIPlugin
2023-10-05 09:22:30,158 [INFO] PluginManager:213 - loadIPPluginJar : add adc
2023-10-05 09:22:30,189 [INFO] IPUIPlugin:74 - create IPUIPlugin
2023-10-05 09:22:30,189 [INFO] PluginManager:213 - loadIPPluginJar : add aes
2023-10-05 09:22:30,220 [INFO] IPUIPlugin:74 - create IPUIPlugin
2023-10-05 09:22:30,220 [INFO] PluginManager:213 - loadIPPluginJar : add can
2023-10-05 09:22:30,246 [INFO] IPUIPlugin:74 - create IPUIPlugin
2023-10-05 09:22:30,246 [INFO] PluginManager:213 - loadIPPluginJar : add comp
2023-10-05 09:22:30,267 [INFO] IPUIPlugin:74 - create IPUIPlugin
2023-10-05 09:22:30,267 [INFO] PluginManager:213 - loadIPPluginJar : add cryp
2023-10-05 09:22:30,299 [INFO] IPUIPlugin:74 - create IPUIPlugin
2023-10-05 09:22:30,299 [INFO] PluginManager:213 - loadIPPluginJar : add dfsdm
2023-10-05 09:22:30,299 [INFO] IPUIPlugin:74 - create IPUIPlugin
2023-10-05 09:22:30,299 [INFO] PluginManager:213 - loadIPPluginJar : add dma
2023-10-05 09:22:30,347 [INFO] IPUIPlugin:74 - create IPUIPlugin
2023-10-05 09:22:30,347 [INFO] PluginManager:213 - loadIPPluginJar : add dma3
2023-10-05 09:22:30,362 [INFO] IPUIPlugin:74 - create IPUIPlugin
2023-10-05 09:22:30,362 [INFO] PluginManager:213 - loadIPPluginJar : add fatfs
2023-10-05 09:22:30,408 [INFO] IPUIPlugin:74 - create IPUIPlugin
2023-10-05 09:22:30,408 [INFO] PluginManager:213 - loadIPPluginJar : add fmc
2023-10-05 09:22:30,408 [INFO] IPUIPlugin:74 - create IPUIPlugin
2023-10-05 09:22:30,408 [INFO] PluginManager:213 - loadIPPluginJar : add freertos
2023-10-05 09:22:30,440 [INFO] IPUIPlugin:74 - create IPUIPlugin
2023-10-05 09:22:30,440 [INFO] PluginManager:213 - loadIPPluginJar : add genericplugin
2023-10-05 09:22:30,518 [INFO] IPUIPlugin:74 - create IPUIPlugin
2023-10-05 09:22:30,518 [INFO] PluginManager:213 - loadIPPluginJar : add gfxmmu
2023-10-05 09:22:30,612 [INFO] IPUIPlugin:74 - create IPUIPlugin
2023-10-05 09:22:30,612 [INFO] PluginManager:213 - loadIPPluginJar : add gic
2023-10-05 09:22:30,612 [INFO] IPUIPlugin:74 - create IPUIPlugin
2023-10-05 09:22:30,612 [INFO] PluginManager:213 - loadIPPluginJar : add gpio
2023-10-05 09:22:30,691 [INFO] IPUIPlugin:74 - create IPUIPlugin
2023-10-05 09:22:30,691 [INFO] PluginManager:213 - loadIPPluginJar : add gtzc
2023-10-05 09:22:30,722 [INFO] IPUIPlugin:74 - create IPUIPlugin
2023-10-05 09:22:30,722 [INFO] PluginManager:213 - loadIPPluginJar : add hash
2023-10-05 09:22:30,785 [INFO] IPUIPlugin:74 - create IPUIPlugin
2023-10-05 09:22:30,785 [INFO] PluginManager:213 - loadIPPluginJar : add i2c
2023-10-05 09:22:30,828 [INFO] IPUIPlugin:74 - create IPUIPlugin
2023-10-05 09:22:30,828 [INFO] PluginManager:213 - loadIPPluginJar : add i2s
2023-10-05 09:22:30,828 [INFO] IPUIPlugin:74 - create IPUIPlugin
2023-10-05 09:22:30,828 [INFO] PluginManager:213 - loadIPPluginJar : add ipddr
2023-10-05 09:22:30,917 [INFO] IPUIPlugin:74 - create IPUIPlugin
2023-10-05 09:22:30,917 [INFO] PluginManager:213 - loadIPPluginJar : add linkedlist
2023-10-05 09:22:30,949 [INFO] IPUIPlugin:74 - create IPUIPlugin
2023-10-05 09:22:30,949 [INFO] PluginManager:213 - loadIPPluginJar : add lorawan
2023-10-05 09:22:30,980 [INFO] IPUIPlugin:74 - create IPUIPlugin
2023-10-05 09:22:30,980 [INFO] PluginManager:213 - loadIPPluginJar : add ltdc
2023-10-05 09:22:30,980 [INFO] IPUIPlugin:74 - create IPUIPlugin
2023-10-05 09:22:30,996 [INFO] PluginManager:213 - loadIPPluginJar : add mdma
2023-10-05 09:22:30,996 [INFO] IPUIPlugin:74 - create IPUIPlugin
2023-10-05 09:22:30,996 [INFO] PluginManager:213 - loadIPPluginJar : add nvic
2023-10-05 09:22:31,027 [INFO] IPUIPlugin:74 - create IPUIPlugin
2023-10-05 09:22:31,027 [INFO] PluginManager:213 - loadIPPluginJar : add opamp
2023-10-05 09:22:31,090 [INFO] IPUIPlugin:74 - create IPUIPlugin
2023-10-05 09:22:31,090 [INFO] PluginManager:213 - loadIPPluginJar : add openamp
2023-10-05 09:22:31,153 [INFO] IPUIPlugin:74 - create IPUIPlugin
2023-10-05 09:22:31,153 [INFO] PluginManager:213 - loadIPPluginJar : add pdm2pcm
2023-10-05 09:22:31,168 [INFO] IPUIPlugin:74 - create IPUIPlugin
2023-10-05 09:22:31,168 [INFO] PluginManager:213 - loadIPPluginJar : add plateformsettings
2023-10-05 09:22:31,215 [INFO] IPUIPlugin:74 - create IPUIPlugin
2023-10-05 09:22:31,215 [INFO] PluginManager:213 - loadIPPluginJar : add quadspi
2023-10-05 09:22:31,215 [INFO] IPUIPlugin:74 - create IPUIPlugin
2023-10-05 09:22:31,215 [INFO] PluginManager:213 - loadIPPluginJar : add resmgrutility
2023-10-05 09:22:31,262 [INFO] IPUIPlugin:74 - create IPUIPlugin
2023-10-05 09:22:31,262 [INFO] PluginManager:213 - loadIPPluginJar : add sai
2023-10-05 09:22:31,294 [INFO] IPUIPlugin:74 - create IPUIPlugin
2023-10-05 09:22:31,294 [INFO] PluginManager:213 - loadIPPluginJar : add spi
2023-10-05 09:22:31,349 [INFO] IPUIPlugin:74 - create IPUIPlugin
2023-10-05 09:22:31,349 [INFO] PluginManager:213 - loadIPPluginJar : add stm32_wpan
2023-10-05 09:22:31,357 [INFO] IPUIPlugin:74 - create IPUIPlugin
2023-10-05 09:22:31,357 [INFO] PluginManager:213 - loadIPPluginJar : add tim
2023-10-05 09:22:31,419 [INFO] IPUIPlugin:74 - create IPUIPlugin
2023-10-05 09:22:31,419 [INFO] PluginManager:213 - loadIPPluginJar : add touchsensing
2023-10-05 09:22:31,435 [INFO] IPUIPlugin:74 - create IPUIPlugin
2023-10-05 09:22:31,435 [INFO] PluginManager:213 - loadIPPluginJar : add tracer_emb
2023-10-05 09:22:31,466 [INFO] IPUIPlugin:74 - create IPUIPlugin
2023-10-05 09:22:31,466 [INFO] PluginManager:213 - loadIPPluginJar : add ts
2023-10-05 09:22:31,482 [INFO] IPUIPlugin:74 - create IPUIPlugin
2023-10-05 09:22:31,482 [INFO] PluginManager:213 - loadIPPluginJar : add tsc
2023-10-05 09:22:31,513 [INFO] IPUIPlugin:74 - create IPUIPlugin
2023-10-05 09:22:31,513 [INFO] PluginManager:213 - loadIPPluginJar : add ucpd
2023-10-05 09:22:31,549 [INFO] IPUIPlugin:74 - create IPUIPlugin
2023-10-05 09:22:31,549 [INFO] PluginManager:213 - loadIPPluginJar : add usart
2023-10-05 09:22:31,576 [INFO] IPUIPlugin:74 - create IPUIPlugin
2023-10-05 09:22:31,576 [INFO] PluginManager:213 - loadIPPluginJar : add usbx
2023-10-05 09:22:31,876 [FATAL] Updater:294 - Updater called before beeing initialized
2023-10-05 09:22:31,970 [FATAL] Updater:294 - Updater called before beeing initialized
2023-10-05 09:22:31,970 [INFO] DbMcusAds:47 - JSON generation date=Tue Mar 07 15:50:55 ICT 2023 (1678179055114)
2023-10-05 09:22:31,970 [FATAL] Updater:294 - Updater called before beeing initialized
2023-10-05 09:22:32,001 [WARN] DetailPanel:314 - Failed to get advertising image, set to default
2023-10-05 09:22:32,080 [FATAL] Updater:294 - Updater called before beeing initialized
2023-10-05 09:22:32,080 [FATAL] Updater:294 - Updater called before beeing initialized
2023-10-05 09:22:32,080 [FATAL] Updater:294 - Updater called before beeing initialized
2023-10-05 09:22:32,080 [WARN] DetailPanel:314 - Failed to get advertising image, set to default
2023-10-05 09:22:32,080 [FATAL] Updater:294 - Updater called before beeing initialized
2023-10-05 09:22:32,142 [ERROR] Updater:1075 - MainUpdater not yet initialized. External WinMGr cannot be set.
2023-10-05 09:22:32,150 [INFO] Updater:1012 - Updater Version found : 6.3.0
2023-10-05 09:22:32,158 [INFO] ApplicationProperties:181 - Using Application install path: C:\ST\STM32CubeIDE_1.7.0\STM32CubeIDE\plugins\com.st.stm32cube.common.mx_6.3.0.202107141111
2023-10-05 09:22:32,582 [INFO] MainUpdater:2671 - connection check result : 10
2023-10-05 09:22:32,582 [INFO] MainUpdater:265 - Updater Check For Update Now.
2023-10-05 09:22:32,597 [INFO] MicroXplorer:478 - Change Database Version : DB.6.0.30
2023-10-05 09:22:32,677 [WARN] MainUpdater:1122 - Updater busy. Cannot search thirdparties
2023-10-05 09:22:32,677 [INFO] ThirdPartyUpdaterWithRetryManager:92 - Updater plugin is busy. [1/15]
2023-10-05 09:22:32,755 [INFO] CheckServerUpdateThread:112 - End of CheckServer Thread
2023-10-05 09:22:32,833 [INFO] MainUpdater:2671 - connection check result : 10
2023-10-05 09:22:32,851 [INFO] McuFinderGlobals:52 - Set McuFinderConnectedMode to true
2023-10-05 09:22:34,048 [INFO] ServerAccessManage:362 - Download File mcusAds.json._tmp_
2023-10-05 09:22:34,159 [INFO] LoadUrlFilesThread:145 - End of LoadUrlFiles Thread
2023-10-05 09:22:35,097 [INFO] ServerAccessManage:362 - Download File mcusDocs.json._tmp_
2023-10-05 09:22:35,678 [WARN] MainUpdater:1122 - Updater busy. Cannot search thirdparties
2023-10-05 09:22:35,678 [INFO] ThirdPartyUpdaterWithRetryManager:92 - Updater plugin is busy. [2/15]
2023-10-05 09:22:38,683 [WARN] MainUpdater:1122 - Updater busy. Cannot search thirdparties
2023-10-05 09:22:38,683 [INFO] ThirdPartyUpdaterWithRetryManager:92 - Updater plugin is busy. [3/15]
2023-10-05 09:22:41,698 [WARN] MainUpdater:1122 - Updater busy. Cannot search thirdparties
2023-10-05 09:22:41,698 [INFO] ThirdPartyUpdaterWithRetryManager:92 - Updater plugin is busy. [4/15]
2023-10-05 09:22:44,704 [WARN] MainUpdater:1122 - Updater busy. Cannot search thirdparties
2023-10-05 09:22:44,704 [INFO] ThirdPartyUpdaterWithRetryManager:92 - Updater plugin is busy. [5/15]
2023-10-05 09:22:47,719 [WARN] MainUpdater:1122 - Updater busy. Cannot search thirdparties
2023-10-05 09:22:47,719 [INFO] ThirdPartyUpdaterWithRetryManager:92 - Updater plugin is busy. [6/15]
2023-10-05 09:22:50,724 [WARN] MainUpdater:1122 - Updater busy. Cannot search thirdparties
2023-10-05 09:22:50,724 [INFO] ThirdPartyUpdaterWithRetryManager:92 - Updater plugin is busy. [7/15]
2023-10-05 09:22:53,738 [WARN] MainUpdater:1122 - Updater busy. Cannot search thirdparties
2023-10-05 09:22:53,738 [INFO] ThirdPartyUpdaterWithRetryManager:92 - Updater plugin is busy. [8/15]
2023-10-05 09:22:56,741 [WARN] MainUpdater:1122 - Updater busy. Cannot search thirdparties
2023-10-05 09:22:56,747 [INFO] ThirdPartyUpdaterWithRetryManager:92 - Updater plugin is busy. [9/15]
2023-10-05 09:22:59,757 [WARN] MainUpdater:1122 - Updater busy. Cannot search thirdparties
2023-10-05 09:22:59,757 [INFO] ThirdPartyUpdaterWithRetryManager:92 - Updater plugin is busy. [10/15]
2023-10-05 09:23:02,759 [WARN] MainUpdater:1122 - Updater busy. Cannot search thirdparties
2023-10-05 09:23:02,759 [INFO] ThirdPartyUpdaterWithRetryManager:92 - Updater plugin is busy. [11/15]
2023-10-05 09:23:05,597 [INFO] LoadUrlFilesThread:145 - End of LoadUrlFiles Thread
2023-10-05 09:23:05,773 [WARN] MainUpdater:1122 - Updater busy. Cannot search thirdparties
2023-10-05 09:23:05,773 [INFO] ThirdPartyUpdaterWithRetryManager:92 - Updater plugin is busy. [12/15]
2023-10-05 09:23:06,573 [INFO] ServerAccessManage:362 - Download File mcusFeaturesAndDescription.json._tmp_
2023-10-05 09:23:08,789 [WARN] MainUpdater:1122 - Updater busy. Cannot search thirdparties
2023-10-05 09:23:08,789 [INFO] ThirdPartyUpdaterWithRetryManager:92 - Updater plugin is busy. [13/15]
2023-10-05 09:23:11,789 [WARN] MainUpdater:1122 - Updater busy. Cannot search thirdparties
2023-10-05 09:23:11,789 [INFO] ThirdPartyUpdaterWithRetryManager:92 - Updater plugin is busy. [14/15]
2023-10-05 09:23:14,791 [WARN] MainUpdater:1122 - Updater busy. Cannot search thirdparties
2023-10-05 09:23:14,791 [INFO] ThirdPartyUpdaterWithRetryManager:92 - Updater plugin is busy. [15/15]
2023-10-05 09:23:14,791 [ERROR] IntegrityCheckThread:124 - Cannot retrieve database content from updater: error -1
2023-10-05 09:23:14,792 [INFO] ThirdParty:915 - Integrity check success = false
2023-10-05 09:23:14,792 [INFO] IntegrityCheckThread:94 - exiting critical section [integrity check]
2023-10-05 09:23:14,792 [INFO] IntegrityCheckThread:97 - End integrity checks thread
2023-10-05 09:26:46,045 [ERROR] ServerAccessManage:531 - User Cancel Download : mcusFeaturesAndDescription.json._tmp_.
2023-10-05 09:26:46,149 [INFO] LoadUrlFilesThread:145 - End of LoadUrlFiles Thread
2023-10-05 09:26:46,432 [INFO] DbMcusAds:47 - JSON generation date=Tue Mar 07 15:50:55 ICT 2023 (1678179055335)
2023-10-05 09:26:46,447 [INFO] DbMcusDocs:143 - JSON generation date=Tue Nov 16 23:17:54 ICT 2021 (1637079474)
2023-10-05 09:26:46,447 [INFO] DbMcusXml:100 - Load MCU database from C:\ST\STM32CubeIDE_1.7.0\STM32CubeIDE\plugins\com.st.stm32cube.common.mx_6.3.0.202107141111\\db\/mcu/families.xml
2023-10-05 09:26:47,050 [INFO] DbMcusJson:93 - JSON generation date=Tue Nov 16 23:17:54 ICT 2021 (1637079474)
2023-10-05 09:26:47,633 [INFO] DbMcus:175 - Found 1951 MCUs (1903 are supported by CubeMX, 1914 are visible in CubeMX)
2023-10-05 09:26:47,633 [INFO] ApiDb:251 - Load user favorites file C:\Users\ASUS TUF/.stm32cubeide/favorites.mcus.txt: 0 item(s)
2023-10-05 09:26:47,633 [INFO] ApiDb:255 - User favorites MCUs=[]
2023-10-05 09:26:47,633 [INFO] DbMcus:187 - Set 0 / 0 favorites MCUs
2023-10-05 09:26:48,034 [INFO] DbMcusDocs:79 - Found 682 MCUs documents
2023-10-05 09:26:48,045 [INFO] ApiDb:276 - Save user favorites file C:\Users\ASUS TUF/.stm32cubeide/favorites.mcus.txt: 0 item(s)
2023-10-05 09:26:48,045 [INFO] ApiDb:280 - User favorites MCUs=[]
2023-10-05 09:26:48,045 [INFO] DbMcusXml:100 - Load MCU database from C:\ST\STM32CubeIDE_1.7.0\STM32CubeIDE\plugins\com.st.stm32cube.common.mx_6.3.0.202107141111\\db\/mcu/families.xml
2023-10-05 09:26:48,599 [INFO] DbMcusJson:93 - JSON generation date=Tue Nov 16 23:17:54 ICT 2021 (1637079474)
2023-10-05 09:26:49,222 [INFO] DbMcus:175 - Found 1951 MCUs (1903 are supported by CubeMX, 1914 are visible in CubeMX)
2023-10-05 09:26:49,222 [INFO] ApiDb:251 - Load user favorites file C:\Users\ASUS TUF/.stm32cubeide/favorites.mcus.txt: 0 item(s)
2023-10-05 09:26:49,222 [INFO] ApiDb:255 - User favorites MCUs=[]
2023-10-05 09:26:49,222 [INFO] DbMcus:187 - Set 0 / 0 favorites MCUs
2023-10-05 09:26:49,238 [INFO] DbBoardsDocs:143 - JSON generation date=Tue Nov 16 23:17:54 ICT 2021 (1637079474)
2023-10-05 09:26:49,254 [INFO] DbBoardsPdsc:90 - Found 25 items
2023-10-05 09:26:49,254 [INFO] DbBoardsPdsc:90 - Found 9 items
2023-10-05 09:26:49,270 [INFO] DbBoardsPdsc:90 - Found 33 items
2023-10-05 09:26:49,270 [INFO] DbBoardsPdsc:90 - Found 1 items
2023-10-05 09:26:49,285 [INFO] DbBoardsPdsc:90 - Found 48 items
2023-10-05 09:26:49,301 [INFO] DbBoardsPdsc:90 - Found 43 items
2023-10-05 09:26:49,317 [INFO] DbBoardsPdsc:90 - Found 2 items
2023-10-05 09:26:49,317 [INFO] DbBoardsPdsc:90 - Found 5 items
2023-10-05 09:26:49,317 [WARN] DbBoardsPdsc:254 - Board STM32H7B3I-DK: unknown feature type=Audio, name=, username=Audio stereo codec with Headphone Amp (CS42L51-CNZ), n=1
2023-10-05 09:26:49,317 [WARN] DbBoardsPdsc:254 - Board STM32H735G-DK: unknown feature type=Audio, name=, username=Audio stereo codec with Headphone Amp (WM8994ECS/R), n=1
2023-10-05 09:26:49,348 [WARN] DbBoardsPdsc:254 - Board STM32H7B3I-EVAL: unknown feature type=Audio, name=, username=Multi-Channel Audio Codec (CS42L51-CNZ), n=1
2023-10-05 09:26:49,348 [WARN] DbBoardsPdsc:254 - Board STM32H7B3I-EVAL: unknown feature type=Meter, name=, username=Power-metering and Temperature-monitoring with sigma-delta modulators, n=1
2023-10-05 09:26:49,348 [WARN] DbBoardsPdsc:254 - Board STM32H7B3I-EVAL: unknown feature type=Motor, name=, username=Motor Control, n=1
2023-10-05 09:26:49,348 [WARN] DbBoardsPdsc:254 - Board STM32U575I-EV: unknown feature type=joystick, name=, username=4-direction joystick with selection button, n=1
2023-10-05 09:26:49,395 [INFO] DbBoardsJson:86 - JSON generation date=Tue Nov 16 23:17:54 ICT 2021 (1637079474)
2023-10-05 09:26:49,395 [INFO] DbBoards:117 - Found 167 boards (163 are supported by CubeMX)
2023-10-05 09:26:49,411 [INFO] DbBoardsDocs:143 - JSON generation date=Tue Nov 16 23:17:54 ICT 2021 (1637079474)
2023-10-05 09:26:49,411 [INFO] DbBoardsDocs:79 - Found 209 boards documents
2023-10-05 09:26:49,411 [WARN] DbBoards:127 - board B-L475E-IOT01A2 has no document id list !
2023-10-05 09:26:49,411 [WARN] DbBoards:127 - board NUCLEO-H743ZI has no document id list !
2023-10-05 09:26:49,411 [WARN] DbBoards:127 - board NUCLEO-WL55JC2 has no document id list !
2023-10-05 09:26:49,411 [WARN] DbBoards:127 - board P-NUCLEO-WB55-Nucleo has no document id list !
2023-10-05 09:26:49,411 [WARN] DbBoards:127 - board P-NUCLEO-WB55-USBDongle has no document id list !
2023-10-05 09:26:49,411 [WARN] DbBoards:127 - board STEVAL-BFA001V1B has no document id list !
2023-10-05 09:26:49,411 [WARN] DbBoards:127 - board STEVAL-BFA001V2B has no document id list !
2023-10-05 09:26:49,411 [WARN] DbBoards:127 - board STEVAL-IDP005V1 has no document id list !
2023-10-05 09:26:49,411 [WARN] DbBoards:127 - board STEVAL-IDP005V2 has no document id list !
2023-10-05 09:26:49,411 [WARN] DbBoards:127 - board STEVAL-MKSBOX1V1 has no document id list !
2023-10-05 09:26:49,411 [WARN] DbBoards:127 - board STEVAL-STWINKT1 has no document id list !
2023-10-05 09:26:49,411 [WARN] DbBoards:127 - board STEVAL-STWINKT1B has no document id list !
2023-10-05 09:26:49,411 [WARN] DbBoards:127 - board STM32439I-EVAL2 has no document id list !
2023-10-05 09:26:49,411 [WARN] DbBoards:127 - board STM32F401C-DISCO has no document id list !
2023-10-05 09:26:49,411 [WARN] DbBoards:127 - board STM32F769I-DISC1 has no document id list !
2023-10-05 09:26:49,411 [WARN] DbBoards:127 - board STM32G474E-EVAL1 has no document id list !
2023-10-05 09:26:49,411 [WARN] DbBoards:127 - board STM32H743I-EVAL2 has no document id list !
2023-10-05 09:26:49,411 [WARN] DbBoards:127 - board STM32H747I-DISC1 has no document id list !
2023-10-05 09:26:49,411 [WARN] DbBoards:127 - board STM32H753I-EVAL2 has no document id list !
2023-10-05 09:26:49,411 [WARN] DbBoards:127 - board STM32L-DISCOVERY has no document id list !
2023-10-05 09:26:49,568 [ERROR] DbBoards:189 - Image file not found for board B-U585I-IOT02A: C:\ST\STM32CubeIDE_1.7.0\STM32CubeIDE\plugins\com.st.stm32cube.common.mx_6.3.0.202107141111\\db\/plugins/mcufinder/images/boards/B-U585I-IOT02A_small.jpg
2023-10-05 09:26:49,662 [ERROR] DbBoards:189 - Image file not found for board NUCLEO-F413ZH: C:\ST\STM32CubeIDE_1.7.0\STM32CubeIDE\plugins\com.st.stm32cube.common.mx_6.3.0.202107141111\\db\/plugins/mcufinder/images/boards/nucleo-f413zh_small.jpg
2023-10-05 09:26:49,847 [ERROR] DbBoards:189 - Image file not found for board NUCLEO-L552ZE-Q: C:\ST\STM32CubeIDE_1.7.0\STM32CubeIDE\plugins\com.st.stm32cube.common.mx_6.3.0.202107141111\\db\/plugins/mcufinder/images/boards/nucleo_l552ze_q_small.jpg
2023-10-05 09:26:49,847 [ERROR] DbBoards:189 - Image file not found for board NUCLEO-U575ZI-Q: C:\ST\STM32CubeIDE_1.7.0\STM32CubeIDE\plugins\com.st.stm32cube.common.mx_6.3.0.202107141111\\db\/plugins/mcufinder/images/boards/nucleo-u575zi-q_small.jpg
2023-10-05 09:26:49,847 [ERROR] DbBoards:189 - Image file not found for board NUCLEO-WB15CC: C:\ST\STM32CubeIDE_1.7.0\STM32CubeIDE\plugins\com.st.stm32cube.common.mx_6.3.0.202107141111\\db\/plugins/mcufinder/images/boards/nucleo-wb15cc_small.jpg
2023-10-05 09:26:49,847 [ERROR] DbBoards:189 - Image file not found for board NUCLEO-WB55RG: C:\ST\STM32CubeIDE_1.7.0\STM32CubeIDE\plugins\com.st.stm32cube.common.mx_6.3.0.202107141111\\db\/plugins/mcufinder/images/boards/nucleo-wb55rg_small.jpg
2023-10-05 09:26:50,838 [INFO] ApiDb:251 - Load user favorites file C:\Users\ASUS TUF/.stm32cubeide/favorites.boards.txt: 0 item(s)
2023-10-05 09:26:50,849 [INFO] ApiDb:255 - User favorites Boards=[]
2023-10-05 09:26:50,849 [INFO] DbBoards:206 - Set 0 / 0 favorites Boards
2023-10-05 09:26:50,849 [INFO] DbBoardsDocs:79 - Found 418 boards documents
2023-10-05 09:26:50,849 [INFO] ApiDb:276 - Save user favorites file C:\Users\ASUS TUF/.stm32cubeide/favorites.boards.txt: 0 item(s)
2023-10-05 09:26:50,849 [INFO] ApiDb:280 - User favorites Boards=[]
2023-10-05 09:26:50,849 [INFO] DbBoardsPdsc:90 - Found 25 items
2023-10-05 09:26:50,849 [INFO] DbBoardsPdsc:90 - Found 9 items
2023-10-05 09:26:50,849 [INFO] DbBoardsPdsc:90 - Found 33 items
2023-10-05 09:26:50,849 [INFO] DbBoardsPdsc:90 - Found 1 items
2023-10-05 09:26:50,864 [INFO] DbBoardsPdsc:90 - Found 48 items
2023-10-05 09:26:50,864 [INFO] DbBoardsPdsc:90 - Found 43 items
2023-10-05 09:26:50,864 [INFO] DbBoardsPdsc:90 - Found 2 items
2023-10-05 09:26:50,864 [INFO] DbBoardsPdsc:90 - Found 5 items
2023-10-05 09:26:50,864 [WARN] DbBoardsPdsc:254 - Board STM32H7B3I-DK: unknown feature type=Audio, name=, username=Audio stereo codec with Headphone Amp (CS42L51-CNZ), n=1
2023-10-05 09:26:50,864 [WARN] DbBoardsPdsc:254 - Board STM32H735G-DK: unknown feature type=Audio, name=, username=Audio stereo codec with Headphone Amp (WM8994ECS/R), n=1
2023-10-05 09:26:50,864 [WARN] DbBoardsPdsc:254 - Board STM32H7B3I-EVAL: unknown feature type=Audio, name=, username=Multi-Channel Audio Codec (CS42L51-CNZ), n=1
2023-10-05 09:26:50,864 [WARN] DbBoardsPdsc:254 - Board STM32H7B3I-EVAL: unknown feature type=Meter, name=, username=Power-metering and Temperature-monitoring with sigma-delta modulators, n=1
2023-10-05 09:26:50,864 [WARN] DbBoardsPdsc:254 - Board STM32H7B3I-EVAL: unknown feature type=Motor, name=, username=Motor Control, n=1
2023-10-05 09:26:50,864 [WARN] DbBoardsPdsc:254 - Board STM32U575I-EV: unknown feature type=joystick, name=, username=4-direction joystick with selection button, n=1
2023-10-05 09:26:50,896 [INFO] DbBoardsJson:86 - JSON generation date=Tue Nov 16 23:17:54 ICT 2021 (1637079474)
2023-10-05 09:26:50,896 [INFO] DbBoards:117 - Found 167 boards (163 are supported by CubeMX)
2023-10-05 09:26:50,896 [WARN] DbBoards:127 - board B-L475E-IOT01A2 has no document id list !
2023-10-05 09:26:50,896 [WARN] DbBoards:127 - board NUCLEO-H743ZI has no document id list !
2023-10-05 09:26:50,896 [WARN] DbBoards:127 - board NUCLEO-WL55JC2 has no document id list !
2023-10-05 09:26:50,896 [WARN] DbBoards:127 - board P-NUCLEO-WB55-Nucleo has no document id list !
2023-10-05 09:26:50,896 [WARN] DbBoards:127 - board P-NUCLEO-WB55-USBDongle has no document id list !
2023-10-05 09:26:50,896 [WARN] DbBoards:127 - board STEVAL-BFA001V1B has no document id list !
2023-10-05 09:26:50,896 [WARN] DbBoards:127 - board STEVAL-BFA001V2B has no document id list !
2023-10-05 09:26:50,896 [WARN] DbBoards:127 - board STEVAL-IDP005V1 has no document id list !
2023-10-05 09:26:50,896 [WARN] DbBoards:127 - board STEVAL-IDP005V2 has no document id list !
2023-10-05 09:26:50,896 [WARN] DbBoards:127 - board STEVAL-MKSBOX1V1 has no document id list !
2023-10-05 09:26:50,896 [WARN] DbBoards:127 - board STEVAL-STWINKT1 has no document id list !
2023-10-05 09:26:50,896 [WARN] DbBoards:127 - board STEVAL-STWINKT1B has no document id list !
2023-10-05 09:26:50,896 [WARN] DbBoards:127 - board STM32439I-EVAL2 has no document id list !
2023-10-05 09:26:50,896 [WARN] DbBoards:127 - board STM32F401C-DISCO has no document id list !
2023-10-05 09:26:50,896 [WARN] DbBoards:127 - board STM32F769I-DISC1 has no document id list !
2023-10-05 09:26:50,896 [WARN] DbBoards:127 - board STM32G474E-EVAL1 has no document id list !
2023-10-05 09:26:50,896 [WARN] DbBoards:127 - board STM32H743I-EVAL2 has no document id list !
2023-10-05 09:26:50,896 [WARN] DbBoards:127 - board STM32H747I-DISC1 has no document id list !
2023-10-05 09:26:50,896 [WARN] DbBoards:127 - board STM32H753I-EVAL2 has no document id list !
2023-10-05 09:26:50,896 [WARN] DbBoards:127 - board STM32L-DISCOVERY has no document id list !
2023-10-05 09:26:50,990 [ERROR] DbBoards:189 - Image file not found for board B-U585I-IOT02A: C:\ST\STM32CubeIDE_1.7.0\STM32CubeIDE\plugins\com.st.stm32cube.common.mx_6.3.0.202107141111\\db\/plugins/mcufinder/images/boards/B-U585I-IOT02A_small.jpg
2023-10-05 09:26:51,053 [ERROR] DbBoards:189 - Image file not found for board NUCLEO-F413ZH: C:\ST\STM32CubeIDE_1.7.0\STM32CubeIDE\plugins\com.st.stm32cube.common.mx_6.3.0.202107141111\\db\/plugins/mcufinder/images/boards/nucleo-f413zh_small.jpg
2023-10-05 09:26:51,214 [ERROR] DbBoards:189 - Image file not found for board NUCLEO-L552ZE-Q: C:\ST\STM32CubeIDE_1.7.0\STM32CubeIDE\plugins\com.st.stm32cube.common.mx_6.3.0.202107141111\\db\/plugins/mcufinder/images/boards/nucleo_l552ze_q_small.jpg
2023-10-05 09:26:51,214 [ERROR] DbBoards:189 - Image file not found for board NUCLEO-U575ZI-Q: C:\ST\STM32CubeIDE_1.7.0\STM32CubeIDE\plugins\com.st.stm32cube.common.mx_6.3.0.202107141111\\db\/plugins/mcufinder/images/boards/nucleo-u575zi-q_small.jpg
2023-10-05 09:26:51,215 [ERROR] DbBoards:189 - Image file not found for board NUCLEO-WB15CC: C:\ST\STM32CubeIDE_1.7.0\STM32CubeIDE\plugins\com.st.stm32cube.common.mx_6.3.0.202107141111\\db\/plugins/mcufinder/images/boards/nucleo-wb15cc_small.jpg
2023-10-05 09:26:51,215 [ERROR] DbBoards:189 - Image file not found for board NUCLEO-WB55RG: C:\ST\STM32CubeIDE_1.7.0\STM32CubeIDE\plugins\com.st.stm32cube.common.mx_6.3.0.202107141111\\db\/plugins/mcufinder/images/boards/nucleo-wb55rg_small.jpg
2023-10-05 09:26:51,889 [INFO] ApiDb:251 - Load user favorites file C:\Users\ASUS TUF/.stm32cubeide/favorites.boards.txt: 0 item(s)
2023-10-05 09:26:51,889 [INFO] ApiDb:255 - User favorites Boards=[]
2023-10-05 09:26:51,889 [INFO] DbBoards:206 - Set 0 / 0 favorites Boards
2023-10-05 09:26:51,905 [ERROR] TargetSelectorAdapter:232 - Unable to refresh data
2023-10-05 09:26:52,159 [INFO] McuFinderGlobals:52 - Set McuFinderConnectedMode to false
2023-10-05 09:26:52,227 [INFO] CrossSelectorPresenter:1330 - Cross Selector saved comparison directory: C:\Users\ASUS TUF\.stmcufinder\plugins\mcufinder\mcu\cs_comparisons_mx
2023-10-05 09:26:52,240 [INFO] MultiScanPanel:197 - Auto-refresh data requested => check proxy status ongoing
2023-10-05 09:26:52,240 [INFO] MultiScanPanel:201 - Proxy status is invalid
2023-10-05 09:26:52,243 [INFO] FinderPluginLoader:87 - Searching for filters in installed packs
2023-10-05 09:26:52,667 [INFO] DetailPanel:309 - Set advertising image to C:/Users/ASUS TUF/STM32Cube/Repository/\en.prom-stm32h5-mcu-finder.jpg
2023-10-05 09:28:00,471 [INFO] MainUpdater:2671 - connection check result : 10
2023-10-05 09:28:00,471 [INFO] MainUpdater:2671 - connection check result : 10
2023-10-05 09:28:00,520 [INFO] MicroXplorer:448 - Change Database Path : 
2023-10-05 09:28:00,520 [INFO] MicroXplorer:478 - Change Database Version : DB.6.0.30
2023-10-05 09:28:00,521 [WARN] ThirdParty:813 - waiting for thirdparty lock release [close project]
2023-10-05 09:28:00,521 [INFO] ThirdParty:815 - entering critical section [close project]
2023-10-05 09:28:00,522 [INFO] ThirdParty:825 - exiting critical section [close project]
2023-10-05 09:28:00,524 [INFO] PinOutPanel:1463 - setPackage(No Configuration,No Configuration)
2023-10-05 09:28:00,525 [INFO] UtilMem:74 - Begin LoadConfig() Used Memory: 349211664 Bytes (750780416)
2023-10-05 09:28:00,525 [INFO] MicroXplorer:448 - Change Database Path : 
2023-10-05 09:28:00,525 [INFO] MicroXplorer:478 - Change Database Version : DB.6.0.30
2023-10-05 09:28:00,525 [INFO] OpenFileManager:313 - Change cursor
2023-10-05 09:28:00,540 [WARN] IntegrityCheckThread:78 - waiting for thirdparty lock release [integrity check]
2023-10-05 09:28:00,540 [INFO] IntegrityCheckThread:80 - entering critical section [integrity check]
2023-10-05 09:28:00,650 [ERROR] Engine:463 - C:\Users\ASUS TUF\.stm32cubemx\thirdparties\pdsc\STMicroelectronics.X-CUBE-SMBUS.2.1.0.pdsc: PDSC version is not supported
2023-10-05 09:28:00,696 [WARN] PackLoader:238 - Cannot read IP mode file for STMicroelectronics.X-CUBE-AZRTOS-F7.1.1.0
2023-10-05 09:28:00,712 [ERROR] Engine:463 - C:\Users\ASUS TUF\.stm32cubemx\thirdparties\pdsc\STMicroelectronics.FP-SNS-MOTENV1.4.3.2.pdsc: PDSC version is not supported
2023-10-05 09:28:00,728 [ERROR] Engine:463 - C:\Users\ASUS TUF\.stm32cubemx\thirdparties\pdsc\STMicroelectronics.FP-SNS-FLIGHT1.5.0.2.pdsc: PDSC version is not supported
2023-10-05 09:28:00,743 [ERROR] Engine:463 - C:\Users\ASUS TUF\.stm32cubemx\thirdparties\pdsc\STMicroelectronics.X-CUBE-DISPLAY.3.0.0.pdsc: PDSC version is not supported
2023-10-05 09:28:00,743 [WARN] PackLoader:238 - Cannot read IP mode file for STMicroelectronics.X-CUBE-BLE1.7.0.0
2023-10-05 09:28:00,759 [ERROR] Engine:463 - C:\Users\ASUS TUF\.stm32cubemx\thirdparties\pdsc\emotas.I-CUBE-CANOPEN.1.3.0.pdsc: PDSC version is not supported
2023-10-05 09:28:00,775 [WARN] PackLoader:238 - Cannot read IP mode file for STMicroelectronics.X-CUBE-TOUCHGFX.4.22.0
2023-10-05 09:28:00,775 [WARN] PackLoader:238 - Cannot read IP mode file for STMicroelectronics.X-CUBE-TOUCHGFX.4.22.1
2023-10-05 09:28:00,790 [ERROR] Engine:463 - C:\Users\ASUS TUF\.stm32cubemx\thirdparties\pdsc\STMicroelectronics.FP-SNS-SMARTAG2.1.2.0.pdsc: PDSC version is not supported
2023-10-05 09:28:00,806 [INFO] LogOutputStream:76 - [STDOUT_REDIRECT] 1 : Invalid condition id : UX_CORESTACK_Condition cause : null
2023-10-05 09:28:00,806 [INFO] LogOutputStream:76 - [STDOUT_REDIRECT] 1 : Invalid condition id : UX_CORESTACK_Condition cause : null
2023-10-05 09:28:00,806 [INFO] LogOutputStream:76 - [STDOUT_REDIRECT] 1 : Invalid condition id : UX_CORESTACK_Condition cause : null
2023-10-05 09:28:00,806 [INFO] LogOutputStream:76 - [STDOUT_REDIRECT] 1 : Invalid condition id : UX_CORESTACK_Condition cause : null
2023-10-05 09:28:00,806 [INFO] LogOutputStream:76 - [STDOUT_REDIRECT] 1 : Invalid condition id : UX_CORESTACK_Condition cause : null
2023-10-05 09:28:00,806 [WARN] PackLoader:238 - Cannot read IP mode file for STMicroelectronics.X-CUBE-AZRTOS-WL.2.0.0
2023-10-05 09:28:00,821 [WARN] PackLoader:238 - Cannot read IP mode file for WES.I-CUBE-Cesium.1.3.0
2023-10-05 09:28:00,837 [WARN] PackLoader:238 - Cannot read IP mode file for STMicroelectronics.X-CUBE-BLE2.3.3.0
2023-10-05 09:28:00,837 [WARN] PackLoader:238 - Cannot read IP mode file for STMicroelectronics.X-CUBE-ALGOBUILD.1.3.0
2023-10-05 09:28:00,868 [WARN] PackLoader:238 - Cannot read IP mode file for STMicroelectronics.X-CUBE-AZRTOS-G0.1.1.0
2023-10-05 09:28:00,884 [WARN] PackLoader:238 - Cannot read IP mode file for STMicroelectronics.X-CUBE-NFC4.3.0.0
2023-10-05 09:28:00,884 [WARN] PackLoader:238 - Cannot read IP mode file for STMicroelectronics.FP-ATR-SIGFOX1.3.2.0
2023-10-05 09:28:00,915 [WARN] PackLoader:238 - Cannot read IP mode file for SEGGER.I-CUBE-embOS.1.3.1
2023-10-05 09:28:00,962 [WARN] PackLoader:238 - Cannot read IP mode file for STMicroelectronics.X-CUBE-GNSS1.6.0.0
2023-10-05 09:28:00,978 [WARN] PackLoader:238 - Cannot read IP mode file for STMicroelectronics.X-CUBE-AZRTOS-F4.1.1.0
2023-10-05 09:28:00,993 [WARN] PackLoader:238 - Cannot read IP mode file for wolfSSL.I-CUBE-wolfSSL.5.6.3
2023-10-05 09:28:01,009 [WARN] PackLoader:238 - Cannot read IP mode file for STMicroelectronics.X-CUBE-AZRTOS-L5.2.0.0
2023-10-05 09:28:01,056 [WARN] PackLoader:238 - Cannot read IP mode file for STMicroelectronics.X-CUBE-MEMS1.9.6.0
2023-10-05 09:28:01,208 [WARN] PackLoader:238 - Cannot read IP mode file for STMicroelectronics.X-CUBE-BLEMGR.2.0.0
2023-10-05 09:28:01,239 [WARN] ConditionMgr:437 - getConditionDescription Invalid condition id : UX DEVICE CLASS RTOS Condition cause : null
2023-10-05 09:28:01,239 [WARN] ConditionMgr:437 - getConditionDescription Invalid condition id : UX DEVICE CLASS RTOS Condition cause : null
2023-10-05 09:28:01,239 [WARN] PackLoader:238 - Cannot read IP mode file for STMicroelectronics.X-CUBE-AZRTOS-H7.3.1.0
2023-10-05 09:28:01,239 [WARN] ConditionMgr:1038 - genDependencies : Invalid condition id : UX DEVICE CLASS RTOS Condition cause : null
2023-10-05 09:28:01,239 [WARN] ConditionMgr:1038 - genDependencies : Invalid condition id : UX DEVICE CLASS RTOS Condition cause : null
2023-10-05 09:28:01,239 [WARN] ConditionMgr:1038 - genDependencies : Invalid condition id : UX DEVICE CLASS RTOS Condition cause : null
2023-10-05 09:28:01,239 [WARN] ConditionMgr:1038 - genDependencies : Invalid condition id : UX DEVICE CLASS RTOS Condition cause : null
2023-10-05 09:28:01,239 [WARN] ConditionMgr:1038 - genDependencies : Invalid condition id : UX DEVICE CLASS RTOS Condition cause : null
2023-10-05 09:28:01,255 [WARN] PackLoader:238 - Cannot read IP mode file for STMicroelectronics.X-CUBE-NFC7.1.0.1
2023-10-05 09:28:01,271 [WARN] PackLoader:238 - Cannot read IP mode file for STMicroelectronics.X-CUBE-NFC6.3.0.0
2023-10-05 09:28:01,271 [WARN] PackLoader:238 - Cannot read IP mode file for STMicroelectronics.X-CUBE-EEPRMA1.4.1.0
2023-10-05 09:28:01,286 [WARN] PackLoader:238 - Cannot read IP mode file for STMicroelectronics.X-CUBE-AI.8.1.0
2023-10-05 09:28:01,317 [WARN] ConditionMgr:437 - getConditionDescription Invalid condition id : LAN8742 Phy interface Condition cause : null
2023-10-05 09:28:01,317 [WARN] PackLoader:238 - Cannot read IP mode file for STMicroelectronics.X-CUBE-AZRTOS-L4.2.0.0
2023-10-05 09:28:01,317 [WARN] ConditionMgr:1038 - genDependencies : Invalid condition id : LAN8742 Phy interface Condition cause : null
2023-10-05 09:28:01,317 [WARN] ConditionMgr:1038 - genDependencies : Invalid condition id : LAN8742 Phy interface Condition cause : null
2023-10-05 09:28:01,317 [WARN] ConditionMgr:1038 - genDependencies : Invalid condition id : LAN8742 Phy interface Condition cause : null
2023-10-05 09:28:01,333 [WARN] PackLoader:238 - Cannot read IP mode file for STMicroelectronics.X-CUBE-SFXS2LP1.4.0.0
2023-10-05 09:28:01,333 [WARN] PackLoader:238 - Cannot read IP mode file for STMicroelectronics.X-CUBE-ISPU.1.1.0
2023-10-05 09:28:01,364 [WARN] ConditionMgr:437 - getConditionDescription Invalid condition id : UX DEVICE CLASS RTOS Condition cause : null
2023-10-05 09:28:01,364 [WARN] ConditionMgr:437 - getConditionDescription Invalid condition id : UX DEVICE CLASS RTOS Condition cause : null
2023-10-05 09:28:01,364 [WARN] PackLoader:238 - Cannot read IP mode file for STMicroelectronics.X-CUBE-AZRTOS-WB.2.0.0
2023-10-05 09:28:01,364 [WARN] ConditionMgr:1038 - genDependencies : Invalid condition id : UX DEVICE CLASS RTOS Condition cause : null
2023-10-05 09:28:01,364 [WARN] ConditionMgr:1038 - genDependencies : Invalid condition id : UX DEVICE CLASS RTOS Condition cause : null
2023-10-05 09:28:01,364 [WARN] ConditionMgr:1038 - genDependencies : Invalid condition id : UX DEVICE CLASS RTOS Condition cause : null
2023-10-05 09:28:01,364 [WARN] ConditionMgr:1038 - genDependencies : Invalid condition id : UX DEVICE CLASS RTOS Condition cause : null
2023-10-05 09:28:01,364 [WARN] ConditionMgr:1038 - genDependencies : Invalid condition id : UX DEVICE CLASS RTOS Condition cause : null
2023-10-05 09:28:01,380 [WARN] PackLoader:238 - Cannot read IP mode file for STMicroelectronics.X-CUBE-SUBG2.5.0.0
2023-10-05 09:28:01,396 [ERROR] Engine:463 - C:\Users\ASUS TUF\.stm32cubemx\thirdparties\pdsc\STMicroelectronics.X-CUBE-TOF1.3.3.1.pdsc: PDSC version is not supported
2023-10-05 09:28:01,411 [WARN] PackLoader:238 - Cannot read IP mode file for STMicroelectronics.X-CUBE-AZRTOS-G4.2.0.0
2023-10-05 09:28:01,411 [ERROR] Engine:463 - C:\Users\ASUS TUF\.stm32cubemx\thirdparties\pdsc\STMicroelectronics.X-CUBE-FREERTOS.1.1.0.pdsc: PDSC version is not supported
2023-10-05 09:28:01,427 [WARN] PackLoader:238 - Cannot read IP mode file for portGmbH.I-Cube-SoM-uGOAL.1.1.0
2023-10-05 09:28:01,442 [WARN] PackLoader:238 - Cannot read IP mode file for STMicroelectronics.X-CUBE-ALS.1.0.1
2023-10-05 09:28:01,442 [WARN] PackLoader:238 - Cannot read IP mode file for STMicroelectronics.FP-ATR-ASTRA1.2.0.0
2023-10-05 09:28:01,442 [INFO] ThirdParty:915 - Integrity check success = true
2023-10-05 09:28:01,442 [INFO] IntegrityCheckThread:94 - exiting critical section [integrity check]
2023-10-05 09:28:01,442 [INFO] IntegrityCheckThread:97 - End integrity checks thread
2023-10-05 09:28:02,020 [INFO] Context:592 - Trying to add GPIOservice into a context  which must be forbidden
2023-10-05 09:28:02,177 [INFO] ImportTextPane:167 - (OptionalMessage_ERROR) Unable to find key (Mcu.ThirdPartyNb) in loaded IOC file
2023-10-05 09:28:02,177 [INFO] ImportTextPane:167 - (OptionalMessage_ERROR) Unable to find key (Mcu.PinsNb) in loaded IOC file
2023-10-05 09:28:02,177 [INFO] ImportTextPane:167 - (OptionalMessage_ERROR) Unable to find key (Mcu.IPNb) in loaded IOC file
2023-10-05 09:28:02,192 [WARN] ApiManager:304 - Cannot register API 'Board Extension:GNSS1A1' from pack STMicroelectronics.X-CUBE-GNSS1.6.0.0: no header file found
2023-10-05 09:28:02,192 [WARN] ApiManager:304 - Cannot register API 'Board Support:Custom' from pack STMicroelectronics.X-CUBE-GNSS1.6.0.0: no header file found
2023-10-05 09:28:02,192 [WARN] ApiManager:304 - Cannot register API 'Data Exchange:lib_gnss' from pack STMicroelectronics.X-CUBE-GNSS1.6.0.0: no header file found
2023-10-05 09:28:02,208 [WARN] ApiManager:304 - Cannot register API 'Wireless:BlueNRG-MS' from pack STMicroelectronics.X-CUBE-BLE1.7.0.0: no header file found
2023-10-05 09:28:02,208 [WARN] ModelIntegratedComponent:60 - No mode defined for component null
2023-10-05 09:28:02,208 [WARN] ModelIntegratedComponent:60 - No mode defined for component null
2023-10-05 09:28:02,208 [WARN] ModelIntegratedComponent:60 - No mode defined for component null
2023-10-05 09:28:02,208 [WARN] ModelIntegratedComponent:60 - No mode defined for component null
2023-10-05 09:28:02,208 [WARN] ModelIntegratedComponent:60 - No mode defined for component null
2023-10-05 09:28:02,208 [WARN] ModelIntegratedComponent:60 - No mode defined for component null
2023-10-05 09:28:02,208 [WARN] ModelIntegratedComponent:60 - No mode defined for component null
2023-10-05 09:28:02,208 [WARN] ModelIntegratedComponent:60 - No mode defined for component null
2023-10-05 09:28:02,208 [WARN] ModelIntegratedComponent:60 - No mode defined for component null
2023-10-05 09:28:02,208 [WARN] ModelIntegratedComponent:60 - No mode defined for component null
2023-10-05 09:28:02,208 [WARN] ModelIntegratedComponent:60 - No mode defined for component null
2023-10-05 09:28:02,208 [WARN] ModelIntegratedComponent:60 - No mode defined for component null
2023-10-05 09:28:02,208 [WARN] ModelIntegratedComponent:60 - No mode defined for component null
2023-10-05 09:28:02,208 [WARN] ModelIntegratedComponent:60 - No mode defined for component null
2023-10-05 09:28:02,208 [WARN] ModelIntegratedComponent:60 - No mode defined for component null
2023-10-05 09:28:02,208 [WARN] ModelIntegratedComponent:60 - No mode defined for component null
2023-10-05 09:28:02,208 [WARN] ModelIntegratedComponent:60 - No mode defined for component null
2023-10-05 09:28:02,208 [WARN] ModelIntegratedComponent:60 - No mode defined for component null
2023-10-05 09:28:02,208 [WARN] ModelIntegratedComponent:60 - No mode defined for component null
2023-10-05 09:28:02,208 [WARN] ModelIntegratedComponent:60 - No mode defined for component null
2023-10-05 09:28:02,208 [WARN] ModelIntegratedComponent:60 - No mode defined for component null
2023-10-05 09:28:02,208 [WARN] ModelIntegratedComponent:60 - No mode defined for component null
2023-10-05 09:28:02,208 [WARN] ModelIntegratedComponent:60 - No mode defined for component null
2023-10-05 09:28:02,208 [WARN] ModelIntegratedComponent:60 - No mode defined for component null
2023-10-05 09:28:02,208 [WARN] ModelIntegratedComponent:60 - No mode defined for component null
2023-10-05 09:28:02,208 [WARN] ModelIntegratedComponent:60 - No mode defined for component null
2023-10-05 09:28:02,208 [WARN] ModelIntegratedComponent:60 - No mode defined for component null
2023-10-05 09:28:02,208 [WARN] ModelIntegratedComponent:60 - No mode defined for component null
2023-10-05 09:28:02,208 [WARN] ModelIntegratedComponent:60 - No mode defined for component null
2023-10-05 09:28:02,208 [WARN] ModelIntegratedComponent:60 - No mode defined for component null
2023-10-05 09:28:02,208 [WARN] ModelIntegratedComponent:60 - No mode defined for component null
2023-10-05 09:28:02,208 [WARN] ApiManager:304 - Cannot register API 'Board Extension:NFC07A1' from pack STMicroelectronics.X-CUBE-NFC7.1.0.1: no header file found
2023-10-05 09:28:02,208 [WARN] ApiManager:304 - Cannot register API 'Board Extension:NFC06A1' from pack STMicroelectronics.X-CUBE-NFC6.3.0.0: no header file found
2023-10-05 09:28:02,208 [WARN] ApiManager:304 - Cannot register API 'Board Extension:NFC08A1' from pack STMicroelectronics.X-CUBE-NFC6.3.0.0: no header file found
2023-10-05 09:28:02,208 [WARN] ApiManager:304 - Cannot register API 'Board Extension:EEPRMA1' from pack STMicroelectronics.X-CUBE-EEPRMA1.4.1.0: no header file found
2023-10-05 09:28:02,208 [WARN] ApiManager:304 - Cannot register API 'Board Extension:EEPRMA2' from pack STMicroelectronics.X-CUBE-EEPRMA1.4.1.0: no header file found
2023-10-05 09:28:02,208 [WARN] ApiManager:304 - Cannot register API 'Board Extension:PGEEZ1' from pack STMicroelectronics.X-CUBE-EEPRMA1.4.1.0: no header file found
2023-10-05 09:28:02,208 [WARN] ApiManager:304 - Cannot register API 'Board Part:M24' from pack STMicroelectronics.X-CUBE-EEPRMA1.4.1.0: no header file found
2023-10-05 09:28:02,208 [WARN] ApiManager:304 - Cannot register API 'Board Part:M95' from pack STMicroelectronics.X-CUBE-EEPRMA1.4.1.0: no header file found
2023-10-05 09:28:02,208 [WARN] ApiManager:304 - Cannot register API 'Board Part:M95P32' from pack STMicroelectronics.X-CUBE-EEPRMA1.4.1.0: no header file found
2023-10-05 09:28:02,208 [WARN] ApiManager:304 - Cannot register API 'PGEEZ1:SPI' from pack STMicroelectronics.X-CUBE-EEPRMA1.4.1.0: no header file found
2023-10-05 09:28:02,208 [WARN] ApiManager:304 - Cannot register API 'PGEEZ1:QDSPI' from pack STMicroelectronics.X-CUBE-EEPRMA1.4.1.0: no header file found
2023-10-05 09:28:02,404 [WARN] ApiManager:304 - Cannot register API 'Board Extension:IKS01A3' from pack STMicroelectronics.X-CUBE-MEMS1.9.6.0: no header file found
2023-10-05 09:28:02,404 [WARN] ApiManager:304 - Cannot register API 'Board Extension:IKS01A2' from pack STMicroelectronics.X-CUBE-MEMS1.9.6.0: no header file found
2023-10-05 09:28:02,404 [WARN] ApiManager:304 - Cannot register API 'Board Extension:IKS02A1' from pack STMicroelectronics.X-CUBE-MEMS1.9.6.0: no header file found
2023-10-05 09:28:02,416 [INFO] RtosManager:484 - Registered RTOS mode: class=CMSIS, group=RTOS, mode=CMSIS_V1, owner=FREERTOS
2023-10-05 09:28:02,417 [INFO] RtosManager:484 - Registered RTOS mode: class=CMSIS, group=RTOS2, mode=CMSIS_V2, owner=FREERTOS
2023-10-05 09:28:02,417 [INFO] RtosManager:484 - Registered RTOS mode: class=RTOS, group=Core, mode=CMSIS_V1, owner=FREERTOS
2023-10-05 09:28:02,417 [INFO] RtosManager:484 - Registered RTOS mode: class=RTOS, group=Core, mode=CMSIS_V2, owner=FREERTOS
2023-10-05 09:28:02,417 [WARN] ModelIntegratedComponent:181 - Missing modes for component STMicroelectronics:FreeRTOS:0.0.1:STMicroelectronics:RTOS:FreeRTOS:Core:::10.2.0:
2023-10-05 09:28:02,419 [WARN] ApiManager:304 - Cannot register API 'Board Extension:NFC04A1' from pack STMicroelectronics.X-CUBE-NFC4.3.0.0: no header file found
2023-10-05 09:28:02,433 [WARN] ApiManager:304 - Cannot register API 'Board Extension:S2868A1' from pack STMicroelectronics.X-CUBE-SUBG2.5.0.0: no header file found
2023-10-05 09:28:02,434 [WARN] ApiManager:304 - Cannot register API 'Board Extension:S2868A2' from pack STMicroelectronics.X-CUBE-SUBG2.5.0.0: no header file found
2023-10-05 09:28:02,434 [WARN] ApiManager:304 - Cannot register API 'Board Extension:S2915A1' from pack STMicroelectronics.X-CUBE-SUBG2.5.0.0: no header file found
2023-10-05 09:28:02,436 [WARN] ApiManager:304 - Cannot register API 'Board Extension:S2868A1' from pack STMicroelectronics.X-CUBE-SFXS2LP1.4.0.0: no header file found
2023-10-05 09:28:02,437 [WARN] ApiManager:304 - Cannot register API 'Board Extension:S2868A2' from pack STMicroelectronics.X-CUBE-SFXS2LP1.4.0.0: no header file found
2023-10-05 09:28:02,437 [WARN] ApiManager:304 - Cannot register API 'Board Extension:S2915A1' from pack STMicroelectronics.X-CUBE-SFXS2LP1.4.0.0: no header file found
2023-10-05 09:28:02,437 [WARN] ApiManager:304 - Cannot register API 'Wireless:BlueNRG-2' from pack STMicroelectronics.X-CUBE-BLE2.3.3.0: no header file found
2023-10-05 09:28:03,633 [INFO] UtilMem:74 - End LoadConfig() Used Memory: 487768448 Bytes (750780416)
2023-10-05 09:28:03,633 [WARN] ThirdParty:779 - waiting for thirdparty lock release [change project]
2023-10-05 09:28:03,641 [INFO] ThirdParty:781 - entering critical section [change project]
2023-10-05 09:28:03,641 [INFO] ThirdParty:967 - CMSIS Pack Vendor :STMicroelectronics X-CUBE-ISPU 1.1.0
2023-10-05 09:28:03,641 [INFO] ThirdParty:967 - CMSIS Pack Vendor :STMicroelectronics X-CUBE-GNSS1 6.0.0
2023-10-05 09:28:03,641 [INFO] ThirdParty:967 - CMSIS Pack Vendor :STMicroelectronics USB_HOST 2.0.0
2023-10-05 09:28:03,641 [INFO] ThirdParty:967 - CMSIS Pack Vendor :STMicroelectronics X-CUBE-AZRTOS-F4 1.1.0
2023-10-05 09:28:03,641 [INFO] ThirdParty:967 - CMSIS Pack Vendor :STMicroelectronics X-CUBE-BLE1 7.0.0
2023-10-05 09:28:03,641 [INFO] ThirdParty:967 - CMSIS Pack Vendor :STMicroelectronics FP-ATR-SIGFOX1 3.2.0
2023-10-05 09:28:03,641 [INFO] ThirdParty:967 - CMSIS Pack Vendor :wolfSSL I-CUBE-wolfSSL 5.6.3
2023-10-05 09:28:03,641 [INFO] ThirdParty:967 - CMSIS Pack Vendor :STMicroelectronics USB_DEVICE 3.0.0
2023-10-05 09:28:03,641 [INFO] ThirdParty:967 - CMSIS Pack Vendor :STMicroelectronics HAL Drivers 0.0.0
2023-10-05 09:28:03,641 [INFO] ThirdParty:967 - CMSIS Pack Vendor :STMicroelectronics MBEDTLS 2.16.2
2023-10-05 09:28:03,641 [INFO] ThirdParty:967 - CMSIS Pack Vendor :STMicroelectronics X-CUBE-AZRTOS-WB 2.0.0
2023-10-05 09:28:03,641 [INFO] ThirdParty:967 - CMSIS Pack Vendor :STMicroelectronics X-CUBE-TOUCHGFX 4.22.0
2023-10-05 09:28:03,641 [INFO] ThirdParty:967 - CMSIS Pack Vendor :STMicroelectronics X-CUBE-NFC7 1.0.1
2023-10-05 09:28:03,641 [INFO] ThirdParty:967 - CMSIS Pack Vendor :STMicroelectronics MBEDTLS 2.14.1
2023-10-05 09:28:03,641 [INFO] ThirdParty:967 - CMSIS Pack Vendor :STMicroelectronics X-CUBE-TOUCHGFX 4.22.1
2023-10-05 09:28:03,641 [INFO] ThirdParty:967 - CMSIS Pack Vendor :STMicroelectronics X-CUBE-AZRTOS-F7 1.1.0
2023-10-05 09:28:03,641 [INFO] ThirdParty:967 - CMSIS Pack Vendor :STMicroelectronics X-CUBE-AZRTOS-L5 2.0.0
2023-10-05 09:28:03,641 [INFO] ThirdParty:967 - CMSIS Pack Vendor :STMicroelectronics X-CUBE-NFC6 3.0.0
2023-10-05 09:28:03,641 [INFO] ThirdParty:967 - CMSIS Pack Vendor :STMicroelectronics X-CUBE-EEPRMA1 4.1.0
2023-10-05 09:28:03,641 [INFO] ThirdParty:967 - CMSIS Pack Vendor :portGmbH I-Cube-SoM-uGOAL 1.1.0
2023-10-05 09:28:03,641 [INFO] ThirdParty:967 - CMSIS Pack Vendor :STMicroelectronics X-CUBE-ALS 1.0.1
2023-10-05 09:28:03,641 [INFO] ThirdParty:967 - CMSIS Pack Vendor :STMicroelectronics USB_DEVICE 2.0.0
2023-10-05 09:28:03,641 [INFO] ThirdParty:967 - CMSIS Pack Vendor :STMicroelectronics X-CUBE-MEMS1 9.6.0
2023-10-05 09:28:03,641 [INFO] ThirdParty:967 - CMSIS Pack Vendor :STMicroelectronics X-CUBE-AZRTOS-WL 2.0.0
2023-10-05 09:28:03,641 [INFO] ThirdParty:967 - CMSIS Pack Vendor :STMicroelectronics X-CUBE-ALGOBUILD 1.3.0
2023-10-05 09:28:03,641 [INFO] ThirdParty:967 - CMSIS Pack Vendor :SEGGER I-CUBE-embOS 1.3.1
2023-10-05 09:28:03,641 [INFO] ThirdParty:967 - CMSIS Pack Vendor :STMicroelectronics FreeRTOS 0.0.1
2023-10-05 09:28:03,641 [INFO] ThirdParty:967 - CMSIS Pack Vendor :STMicroelectronics X-CUBE-AZRTOS-G0 1.1.0
2023-10-05 09:28:03,641 [INFO] ThirdParty:967 - CMSIS Pack Vendor :STMicroelectronics USB_DEVICE 1.0.0
2023-10-05 09:28:03,641 [INFO] ThirdParty:967 - CMSIS Pack Vendor :STMicroelectronics X-CUBE-BLEMGR 2.0.0
2023-10-05 09:28:03,641 [INFO] ThirdParty:967 - CMSIS Pack Vendor :STMicroelectronics X-CUBE-AI 8.1.0
2023-10-05 09:28:03,641 [INFO] ThirdParty:967 - CMSIS Pack Vendor :STMicroelectronics X-CUBE-NFC4 3.0.0
2023-10-05 09:28:03,641 [INFO] ThirdParty:967 - CMSIS Pack Vendor :STMicroelectronics X-CUBE-SUBG2 5.0.0
2023-10-05 09:28:03,641 [INFO] ThirdParty:967 - CMSIS Pack Vendor :STMicroelectronics X-CUBE-AZRTOS-L4 2.0.0
2023-10-05 09:28:03,641 [INFO] ThirdParty:967 - CMSIS Pack Vendor :STMicroelectronics ThreadX 0.0.2
2023-10-05 09:28:03,641 [INFO] ThirdParty:967 - CMSIS Pack Vendor :WES I-CUBE-Cesium 1.3.0
2023-10-05 09:28:03,641 [INFO] ThirdParty:967 - CMSIS Pack Vendor :STMicroelectronics FP-ATR-ASTRA1 2.0.0
2023-10-05 09:28:03,641 [INFO] ThirdParty:967 - CMSIS Pack Vendor :STMicroelectronics lwIP 2.0.3
2023-10-05 09:28:03,641 [INFO] ThirdParty:967 - CMSIS Pack Vendor :STMicroelectronics lwIP 2.1.2
2023-10-05 09:28:03,641 [INFO] ThirdParty:967 - CMSIS Pack Vendor :STMicroelectronics X-CUBE-SFXS2LP1 4.0.0
2023-10-05 09:28:03,641 [INFO] ThirdParty:967 - CMSIS Pack Vendor :STMicroelectronics X-CUBE-BLE2 3.3.0
2023-10-05 09:28:03,641 [INFO] ThirdParty:967 - CMSIS Pack Vendor :STMicroelectronics USB_HOST 1.0.0
2023-10-05 09:28:03,641 [INFO] ThirdParty:967 - CMSIS Pack Vendor :STMicroelectronics X-CUBE-AZRTOS-G4 2.0.0
2023-10-05 09:28:03,641 [INFO] ThirdParty:967 - CMSIS Pack Vendor :STMicroelectronics PDM2PCM 3.1.0
2023-10-05 09:28:03,641 [INFO] ThirdParty:967 - CMSIS Pack Vendor :STMicroelectronics X-CUBE-AZRTOS-H7 3.1.0
2023-10-05 09:28:03,641 [INFO] ThirdParty:967 - CMSIS Pack Vendor :STMicroelectronics PDM2PCM 3.2.0
2023-10-05 09:28:03,641 [INFO] ThirdParty:967 - CMSIS Pack Vendor :STMicroelectronics PDM2PCM 3.3.0
2023-10-05 09:28:03,641 [INFO] ThirdParty:787 - exiting critical section [change project]
2023-10-05 09:28:03,798 [INFO] PinOutPanel:1463 - setPackage(No Configuration,No Configuration)
2023-10-05 09:28:03,798 [INFO] PinOutPanel:1463 - setPackage(STM32F103C6Ux,UFQFPN48)
2023-10-05 09:28:04,079 [INFO] UtilMem:74 - Before build in PCC Used Memory: 346790880 Bytes (750780416)
2023-10-05 09:28:04,494 [INFO] UtilMem:74 - After build in PCC Used Memory: 425434080 Bytes (750780416)
2023-10-05 09:28:04,510 [INFO] IPUIPlugin:74 - create IPUIPlugin
2023-10-05 09:28:04,510 [INFO] IPUIPlugin:74 - create IPUIPlugin
2023-10-05 09:28:04,510 [INFO] IPUIPlugin:74 - create IPUIPlugin
2023-10-05 09:28:04,510 [INFO] IPUIPlugin:74 - create IPUIPlugin
2023-10-05 09:28:04,510 [INFO] IPUIPlugin:74 - create IPUIPlugin
2023-10-05 09:28:04,510 [INFO] IPUIPlugin:74 - create IPUIPlugin
2023-10-05 09:28:04,510 [INFO] IPUIPlugin:74 - create IPUIPlugin
2023-10-05 09:28:04,510 [INFO] IPUIPlugin:74 - create IPUIPlugin
2023-10-05 09:28:04,510 [INFO] IPUIPlugin:74 - create IPUIPlugin
2023-10-05 09:28:04,510 [INFO] IPUIPlugin:74 - create IPUIPlugin
2023-10-05 09:28:04,510 [INFO] IPUIPlugin:74 - create IPUIPlugin
2023-10-05 09:28:04,510 [INFO] IPUIPlugin:74 - create IPUIPlugin
2023-10-05 09:28:04,510 [INFO] IPUIPlugin:74 - create IPUIPlugin
2023-10-05 09:28:04,510 [INFO] IPUIPlugin:74 - create IPUIPlugin
2023-10-05 09:28:04,510 [INFO] IPUIPlugin:74 - create IPUIPlugin
2023-10-05 09:28:04,510 [INFO] IPUIPlugin:74 - create IPUIPlugin
2023-10-05 09:28:04,510 [INFO] IPUIPlugin:74 - create IPUIPlugin
2023-10-05 09:28:04,510 [INFO] IPUIPlugin:74 - create IPUIPlugin
2023-10-05 09:28:04,525 [INFO] IPUIPlugin:74 - create IPUIPlugin
2023-10-05 09:28:04,525 [INFO] IPUIPlugin:74 - create IPUIPlugin
2023-10-05 09:28:04,525 [INFO] IPUIPlugin:74 - create IPUIPlugin
2023-10-05 09:28:04,525 [INFO] IPUIPlugin:74 - create IPUIPlugin
2023-10-05 09:28:04,525 [INFO] IPUIPlugin:74 - create IPUIPlugin
2023-10-05 09:28:04,603 [INFO] OpenFileManager:333 - Restore cursor
2023-10-05 09:28:04,791 [INFO] UtilMem:74 - End SaveConfig() Used Memory: 490445792 Bytes (750780416)
2023-10-05 09:28:04,822 [INFO] UtilMem:74 - End SaveConfig() Used Memory: 503028704 Bytes (750780416)
2023-10-05 09:28:05,025 [INFO] BlockDiagram:2740 - set Specific Code input for plugin: NVIC
2023-10-05 09:28:05,025 [INFO] BlockDiagram:2740 - set Specific Code input for plugin: SYS
2023-10-05 09:28:05,025 [INFO] BlockDiagram:2740 - set Specific Code input for plugin: RCC
2023-10-05 09:28:05,025 [INFO] CodeGenerator:663 - code generatio: config db path: C:\ST\STM32CubeIDE_1.7.0\STM32CubeIDE\plugins\com.st.stm32cube.common.mx_6.3.0.202107141111\\db\
2023-10-05 09:28:05,270 [INFO] CodeEngine:239 - oldGeneratedFile, D:\BACH KHOA\Semester 5\Vi Xu Ly\LAB2\Ex2\Ex2\MXTmpFiles\license.tmp_save
2023-10-05 09:28:05,520 [INFO] CodeEngine:257 - Generated code: D:\BACH KHOA\Semester 5\Vi Xu Ly\LAB2\Ex2\Ex2\MXTmpFiles\license.tmp
2023-10-05 09:28:05,614 [INFO] CodeEngine:239 - oldGeneratedFile, D:\BACH KHOA\Semester 5\Vi Xu Ly\LAB2\Ex2\Ex2\Core\Src\stm32f1xx_it.c_save
2023-10-05 09:28:05,708 [INFO] CodeEngine:257 - Generated code: D:\BACH KHOA\Semester 5\Vi Xu Ly\LAB2\Ex2\Ex2\Core\Src\stm32f1xx_it.c
2023-10-05 09:28:05,708 [INFO] CodeEngine:239 - oldGeneratedFile, D:\BACH KHOA\Semester 5\Vi Xu Ly\LAB2\Ex2\Ex2\Core\Inc\stm32f1xx_it.h_save
2023-10-05 09:28:05,770 [INFO] CodeEngine:257 - Generated code: D:\BACH KHOA\Semester 5\Vi Xu Ly\LAB2\Ex2\Ex2\Core\Inc\stm32f1xx_it.h
2023-10-05 09:28:05,770 [INFO] CodeEngine:239 - oldGeneratedFile, D:\BACH KHOA\Semester 5\Vi Xu Ly\LAB2\Ex2\Ex2\Core\Src\stm32f1xx_hal_msp.c_save
2023-10-05 09:28:05,848 [INFO] CodeEngine:257 - Generated code: D:\BACH KHOA\Semester 5\Vi Xu Ly\LAB2\Ex2\Ex2\Core\Src\stm32f1xx_hal_msp.c
2023-10-05 09:28:05,848 [INFO] CodeEngine:239 - oldGeneratedFile, D:\BACH KHOA\Semester 5\Vi Xu Ly\LAB2\Ex2\Ex2\MXTmpFiles\system.tmp_save
2023-10-05 09:28:05,895 [INFO] CodeEngine:257 - Generated code: D:\BACH KHOA\Semester 5\Vi Xu Ly\LAB2\Ex2\Ex2\MXTmpFiles\system.tmp
2023-10-05 09:28:05,895 [INFO] CodeEngine:239 - oldGeneratedFile, D:\BACH KHOA\Semester 5\Vi Xu Ly\LAB2\Ex2\Ex2\Core\Inc\stm32f1xx_hal_conf.h_save
2023-10-05 09:28:05,958 [INFO] CodeEngine:257 - Generated code: D:\BACH KHOA\Semester 5\Vi Xu Ly\LAB2\Ex2\Ex2\Core\Inc\stm32f1xx_hal_conf.h
2023-10-05 09:28:05,989 [INFO] CodeEngine:239 - oldGeneratedFile, D:\BACH KHOA\Semester 5\Vi Xu Ly\LAB2\Ex2\Ex2\Core\Inc\main.h_save
2023-10-05 09:28:06,052 [INFO] CodeEngine:257 - Generated code: D:\BACH KHOA\Semester 5\Vi Xu Ly\LAB2\Ex2\Ex2\Core\Inc\main.h
2023-10-05 09:28:06,052 [INFO] CodeEngine:239 - oldGeneratedFile, D:\BACH KHOA\Semester 5\Vi Xu Ly\LAB2\Ex2\Ex2\Core\Src\main.c_save
2023-10-05 09:28:06,158 [INFO] CodeEngine:257 - Generated code: D:\BACH KHOA\Semester 5\Vi Xu Ly\LAB2\Ex2\Ex2\Core\Src\main.c
2023-10-05 09:28:06,868 [INFO] ProjectBuilder:2578 - Time for Copy HAL[1] : 62mS.
2023-10-05 09:28:06,868 [INFO] ProjectBuilder:3622 - Project Generator version: 3.14.1
2023-10-05 09:28:07,244 [INFO] ConfigFileManager:1271 - The Die is : DIE412
2023-10-05 09:28:07,260 [INFO] ApiDbMcu:468 - Load IP Config File for FATFS
2023-10-05 09:28:07,291 [INFO] ApiDbMcu:468 - Load IP Config File for FREERTOS
2023-10-05 09:28:07,338 [INFO] ApiDbMcu:468 - Load IP Config File for USB_DEVICE
2023-10-05 09:28:11,389 [INFO] ProjectBuilder:3789 - Time for Generating toolchain IDE Files: 4521mS.
2023-10-05 09:28:11,389 [INFO] ProjectBuilder:2457 - Time for Copy CMSIS : 0mS.
2023-10-05 09:28:11,389 [INFO] ProjectBuilder:2457 - Time for Copy CMSIS : 0mS.
2023-10-05 09:28:12,167 [INFO] McuFinderGlobals:52 - Set McuFinderConnectedMode to true
2023-10-05 09:28:12,167 [INFO] ApiDb:276 - Save user favorites file C:\Users\ASUS TUF/.stm32cubeide/favorites.mcus.txt: 0 item(s)
2023-10-05 09:28:12,167 [INFO] ApiDb:280 - User favorites MCUs=[]
2023-10-05 09:29:00,474 [ERROR] LogOutputStream:74 - [STDERR_REDIRECT] Exception in thread "AWT-EventQueue-0" java.lang.NullPointerException
2023-10-05 09:29:00,474 [ERROR] LogOutputStream:74 - [STDERR_REDIRECT] 	at com.st.microxplorer.mcu.Signal.getDiagnostic(Signal.java:804)
2023-10-05 09:29:00,474 [ERROR] LogOutputStream:74 - [STDERR_REDIRECT] 	at com.st.microxplorer.mcu.Mode.getDiagnostic(Mode.java:1383)
2023-10-05 09:29:00,474 [ERROR] LogOutputStream:74 - [STDERR_REDIRECT] 	at com.st.microxplorer.peripheralpanel.ComboPeriphMode.updateMode(PeriphMode.java:709)
2023-10-05 09:29:00,474 [ERROR] LogOutputStream:74 - [STDERR_REDIRECT] 	at com.st.microxplorer.peripheralpanel.PeripheralTree.updateModes(PeripheralTree.java:665)
2023-10-05 09:29:00,474 [ERROR] LogOutputStream:74 - [STDERR_REDIRECT] 	at com.st.microxplorer.peripheralpanel.PeripheralTree.updateModes(PeripheralTree.java:633)
2023-10-05 09:29:00,474 [ERROR] LogOutputStream:74 - [STDERR_REDIRECT] 	at com.st.microxplorer.peripheralpanel.PeripheralTree.updateModes(PeripheralTree.java:633)
2023-10-05 09:29:00,474 [ERROR] LogOutputStream:74 - [STDERR_REDIRECT] 	at com.st.microxplorer.peripheralpanel.PeripheralTree.updateModes(PeripheralTree.java:624)
2023-10-05 09:29:00,474 [ERROR] LogOutputStream:74 - [STDERR_REDIRECT] 	at com.st.microxplorer.plugins.pinoutconfig.guiV5.PeripheralsSelectionPanel.updatePeripheralsTree(PeripheralsSelectionPanel.java:481)
2023-10-05 09:29:00,474 [ERROR] LogOutputStream:74 - [STDERR_REDIRECT] 	at com.st.microxplorer.plugins.pinoutconfig.guiV5.PeripheralsSelectionPanel.propertyChange(PeripheralsSelectionPanel.java:585)
2023-10-05 09:29:00,490 [ERROR] LogOutputStream:74 - [STDERR_REDIRECT] 	at java.desktop/java.beans.PropertyChangeSupport.fire(PropertyChangeSupport.java:341)
2023-10-05 09:29:00,490 [ERROR] LogOutputStream:74 - [STDERR_REDIRECT] 	at java.desktop/java.beans.PropertyChangeSupport.firePropertyChange(PropertyChangeSupport.java:333)
2023-10-05 09:29:00,490 [ERROR] LogOutputStream:74 - [STDERR_REDIRECT] 	at com.st.microxplorer.mxsystem.MxSystem.propertyChange(MxSystem.java:446)
2023-10-05 09:29:00,490 [ERROR] LogOutputStream:74 - [STDERR_REDIRECT] 	at java.desktop/java.beans.PropertyChangeSupport.fire(PropertyChangeSupport.java:341)
2023-10-05 09:29:00,490 [ERROR] LogOutputStream:74 - [STDERR_REDIRECT] 	at java.desktop/java.beans.PropertyChangeSupport.firePropertyChange(PropertyChangeSupport.java:333)
2023-10-05 09:29:00,490 [ERROR] LogOutputStream:74 - [STDERR_REDIRECT] 	at java.desktop/java.beans.PropertyChangeSupport.firePropertyChange(PropertyChangeSupport.java:266)
2023-10-05 09:29:00,490 [ERROR] LogOutputStream:74 - [STDERR_REDIRECT] 	at com.st.microxplorer.util.MXPropertyChangeSupport.firePropertyChange(MXPropertyChangeSupport.java:50)
2023-10-05 09:29:00,490 [ERROR] LogOutputStream:74 - [STDERR_REDIRECT] 	at com.st.microxplorer.mcu.Mcu.propertyChange(Mcu.java:1660)
2023-10-05 09:29:00,490 [ERROR] LogOutputStream:74 - [STDERR_REDIRECT] 	at java.desktop/java.beans.PropertyChangeSupport.fire(PropertyChangeSupport.java:341)
2023-10-05 09:29:00,490 [ERROR] LogOutputStream:74 - [STDERR_REDIRECT] 	at java.desktop/java.beans.PropertyChangeSupport.firePropertyChange(PropertyChangeSupport.java:333)
2023-10-05 09:29:00,490 [ERROR] LogOutputStream:74 - [STDERR_REDIRECT] 	at java.desktop/java.beans.PropertyChangeSupport.firePropertyChange(PropertyChangeSupport.java:266)
2023-10-05 09:29:00,490 [ERROR] LogOutputStream:74 - [STDERR_REDIRECT] 	at com.st.microxplorer.util.MXPropertyChangeSupport.firePropertyChange(MXPropertyChangeSupport.java:50)
2023-10-05 09:29:00,490 [ERROR] LogOutputStream:74 - [STDERR_REDIRECT] 	at com.st.microxplorer.mcu.Pin.setLocked(Pin.java:830)
2023-10-05 09:29:00,490 [ERROR] LogOutputStream:74 - [STDERR_REDIRECT] 	at com.st.microxplorer.plugins.pinoutconfig.gui.PinOutPanel$4.actionPerformed(PinOutPanel.java:367)
2023-10-05 09:29:00,505 [ERROR] LogOutputStream:74 - [STDERR_REDIRECT] 	at java.desktop/javax.swing.AbstractButton.fireActionPerformed(AbstractButton.java:1967)
2023-10-05 09:29:00,505 [ERROR] LogOutputStream:74 - [STDERR_REDIRECT] 	at java.desktop/javax.swing.AbstractButton$Handler.actionPerformed(AbstractButton.java:2308)
2023-10-05 09:29:00,505 [ERROR] LogOutputStream:74 - [STDERR_REDIRECT] 	at java.desktop/javax.swing.DefaultButtonModel.fireActionPerformed(DefaultButtonModel.java:405)
2023-10-05 09:29:00,505 [ERROR] LogOutputStream:74 - [STDERR_REDIRECT] 	at java.desktop/javax.swing.DefaultButtonModel.setPressed(DefaultButtonModel.java:262)
2023-10-05 09:29:00,505 [ERROR] LogOutputStream:74 - [STDERR_REDIRECT] 	at java.desktop/javax.swing.AbstractButton.doClick(AbstractButton.java:369)
2023-10-05 09:29:00,505 [ERROR] LogOutputStream:74 - [STDERR_REDIRECT] 	at java.desktop/javax.swing.plaf.basic.BasicMenuItemUI.doClick(BasicMenuItemUI.java:1020)
2023-10-05 09:29:00,505 [ERROR] LogOutputStream:74 - [STDERR_REDIRECT] 	at java.desktop/javax.swing.plaf.basic.BasicMenuItemUI$Handler.mouseReleased(BasicMenuItemUI.java:1064)
2023-10-05 09:29:00,505 [ERROR] LogOutputStream:74 - [STDERR_REDIRECT] 	at java.desktop/java.awt.Component.processMouseEvent(Component.java:6635)
2023-10-05 09:29:00,505 [ERROR] LogOutputStream:74 - [STDERR_REDIRECT] 	at java.desktop/javax.swing.JComponent.processMouseEvent(JComponent.java:3342)
2023-10-05 09:29:00,505 [ERROR] LogOutputStream:74 - [STDERR_REDIRECT] 	at java.desktop/java.awt.Component.processEvent(Component.java:6400)
2023-10-05 09:29:00,505 [ERROR] LogOutputStream:74 - [STDERR_REDIRECT] 	at java.desktop/java.awt.Container.processEvent(Container.java:2263)
2023-10-05 09:29:00,505 [ERROR] LogOutputStream:74 - [STDERR_REDIRECT] 	at java.desktop/java.awt.Component.dispatchEventImpl(Component.java:5011)
2023-10-05 09:29:00,505 [ERROR] LogOutputStream:74 - [STDERR_REDIRECT] 	at java.desktop/java.awt.Container.dispatchEventImpl(Container.java:2321)
2023-10-05 09:29:00,505 [ERROR] LogOutputStream:74 - [STDERR_REDIRECT] 	at java.desktop/java.awt.Component.dispatchEvent(Component.java:4843)
2023-10-05 09:29:00,505 [ERROR] LogOutputStream:74 - [STDERR_REDIRECT] 	at java.desktop/java.awt.LightweightDispatcher.retargetMouseEvent(Container.java:4918)
2023-10-05 09:29:00,521 [ERROR] LogOutputStream:74 - [STDERR_REDIRECT] 	at java.desktop/java.awt.LightweightDispatcher.processMouseEvent(Container.java:4547)
2023-10-05 09:29:00,521 [ERROR] LogOutputStream:74 - [STDERR_REDIRECT] 	at java.desktop/java.awt.LightweightDispatcher.dispatchEvent(Container.java:4488)
2023-10-05 09:29:00,521 [ERROR] LogOutputStream:74 - [STDERR_REDIRECT] 	at java.desktop/java.awt.Container.dispatchEventImpl(Container.java:2307)
2023-10-05 09:29:00,521 [ERROR] LogOutputStream:74 - [STDERR_REDIRECT] 	at java.desktop/java.awt.Window.dispatchEventImpl(Window.java:2772)
2023-10-05 09:29:00,521 [ERROR] LogOutputStream:74 - [STDERR_REDIRECT] 	at java.desktop/java.awt.Component.dispatchEvent(Component.java:4843)
2023-10-05 09:29:00,521 [ERROR] LogOutputStream:74 - [STDERR_REDIRECT] 	at java.desktop/java.awt.EventQueue.dispatchEventImpl(EventQueue.java:772)
2023-10-05 09:29:00,521 [ERROR] LogOutputStream:74 - [STDERR_REDIRECT] 	at java.desktop/java.awt.EventQueue$4.run(EventQueue.java:721)
2023-10-05 09:29:00,521 [ERROR] LogOutputStream:74 - [STDERR_REDIRECT] 	at java.desktop/java.awt.EventQueue$4.run(EventQueue.java:715)
2023-10-05 09:29:00,521 [ERROR] LogOutputStream:74 - [STDERR_REDIRECT] 	at java.base/java.security.AccessController.doPrivileged(Native Method)
2023-10-05 09:29:00,521 [ERROR] LogOutputStream:74 - [STDERR_REDIRECT] 	at java.base/java.security.ProtectionDomain$JavaSecurityAccessImpl.doIntersectionPrivilege(ProtectionDomain.java:85)
2023-10-05 09:29:00,521 [ERROR] LogOutputStream:74 - [STDERR_REDIRECT] 	at java.base/java.security.ProtectionDomain$JavaSecurityAccessImpl.doIntersectionPrivilege(ProtectionDomain.java:95)
2023-10-05 09:29:00,521 [ERROR] LogOutputStream:74 - [STDERR_REDIRECT] 	at java.desktop/java.awt.EventQueue$5.run(EventQueue.java:745)
2023-10-05 09:29:00,521 [ERROR] LogOutputStream:74 - [STDERR_REDIRECT] 	at java.desktop/java.awt.EventQueue$5.run(EventQueue.java:743)
2023-10-05 09:29:00,521 [ERROR] LogOutputStream:74 - [STDERR_REDIRECT] 	at java.base/java.security.AccessController.doPrivileged(Native Method)
2023-10-05 09:29:00,521 [ERROR] LogOutputStream:74 - [STDERR_REDIRECT] 	at java.base/java.security.ProtectionDomain$JavaSecurityAccessImpl.doIntersectionPrivilege(ProtectionDomain.java:85)
2023-10-05 09:29:00,521 [ERROR] LogOutputStream:74 - [STDERR_REDIRECT] 	at java.desktop/java.awt.EventQueue.dispatchEvent(EventQueue.java:742)
2023-10-05 09:29:00,536 [ERROR] LogOutputStream:74 - [STDERR_REDIRECT] 	at java.desktop/java.awt.EventDispatchThread.pumpOneEventForFilters(EventDispatchThread.java:203)
2023-10-05 09:29:00,536 [ERROR] LogOutputStream:74 - [STDERR_REDIRECT] 	at java.desktop/java.awt.EventDispatchThread.pumpEventsForFilter(EventDispatchThread.java:124)
2023-10-05 09:29:00,536 [ERROR] LogOutputStream:74 - [STDERR_REDIRECT] 	at java.desktop/java.awt.EventDispatchThread.pumpEventsForHierarchy(EventDispatchThread.java:113)
2023-10-05 09:29:00,536 [ERROR] LogOutputStream:74 - [STDERR_REDIRECT] 	at java.desktop/java.awt.EventDispatchThread.pumpEvents(EventDispatchThread.java:109)
2023-10-05 09:29:00,536 [ERROR] LogOutputStream:74 - [STDERR_REDIRECT] 	at java.desktop/java.awt.EventDispatchThread.pumpEvents(EventDispatchThread.java:101)
2023-10-05 09:29:00,536 [ERROR] LogOutputStream:74 - [STDERR_REDIRECT] 	at java.desktop/java.awt.EventDispatchThread.run(EventDispatchThread.java:90)
2023-10-05 09:35:02,463 [INFO] NvicIntPanel:96 - NVIC parent = com.st.microxplorer.plugins.ip.nvic.MultiNvicIntPanel[,0,0,0x0,invalid,layout=javax.swing.BoxLayout,alignmentX=0.0,alignmentY=0.0,border=,flags=9,maximumSize=,minimumSize=,preferredSize=]
2023-10-05 09:35:06,924 [INFO] NvicIntPanel:96 - NVIC parent = com.st.microxplorer.plugins.ip.nvic.MultiNvicIntPanel[,0,0,0x0,invalid,layout=javax.swing.BoxLayout,alignmentX=0.0,alignmentY=0.0,border=,flags=9,maximumSize=,minimumSize=,preferredSize=]
2023-10-05 09:35:26,520 [INFO] UtilMem:74 - End SaveConfig() Used Memory: 564205432 Bytes (903872512)
2023-10-05 09:35:31,473 [INFO] UtilMem:74 - End SaveConfig() Used Memory: 597084160 Bytes (903872512)
2023-10-05 09:35:33,238 [INFO] UtilMem:74 - End SaveConfig() Used Memory: 719150696 Bytes (903872512)
2023-10-05 09:35:33,502 [INFO] BlockDiagram:2740 - set Specific Code input for plugin: NVIC
2023-10-05 09:35:33,502 [INFO] BlockDiagram:2740 - set Specific Code input for plugin: SYS
2023-10-05 09:35:33,502 [INFO] BlockDiagram:2740 - set Specific Code input for plugin: GPIO
2023-10-05 09:35:33,502 [INFO] BlockDiagram:2740 - set Specific Code input for plugin: RCC
2023-10-05 09:35:33,502 [INFO] BlockDiagram:2740 - set Specific Code input for plugin: TIM1_8F1
2023-10-05 09:35:33,502 [INFO] CodeGenerator:663 - code generatio: config db path: C:\ST\STM32CubeIDE_1.7.0\STM32CubeIDE\plugins\com.st.stm32cube.common.mx_6.3.0.202107141111\\db\
2023-10-05 09:35:33,677 [INFO] CodeEngine:239 - oldGeneratedFile, D:\BACH KHOA\Semester 5\Vi Xu Ly\LAB2\Ex2\Ex2\MXTmpFiles\license.tmp_save
2023-10-05 09:35:33,724 [INFO] CodeEngine:257 - Generated code: D:\BACH KHOA\Semester 5\Vi Xu Ly\LAB2\Ex2\Ex2\MXTmpFiles\license.tmp
2023-10-05 09:35:33,770 [INFO] CodeEngine:239 - oldGeneratedFile, D:\BACH KHOA\Semester 5\Vi Xu Ly\LAB2\Ex2\Ex2\MXTmpFiles\gpio.tmp_save
2023-10-05 09:35:33,829 [INFO] CodeEngine:257 - Generated code: D:\BACH KHOA\Semester 5\Vi Xu Ly\LAB2\Ex2\Ex2\MXTmpFiles\gpio.tmp
2023-10-05 09:35:33,954 [INFO] CodeEngine:239 - oldGeneratedFile, D:\BACH KHOA\Semester 5\Vi Xu Ly\LAB2\Ex2\Ex2\Core\Src\stm32f1xx_it.c_save
2023-10-05 09:35:34,032 [INFO] CodeEngine:257 - Generated code: D:\BACH KHOA\Semester 5\Vi Xu Ly\LAB2\Ex2\Ex2\Core\Src\stm32f1xx_it.c
2023-10-05 09:35:34,047 [INFO] CodeEngine:239 - oldGeneratedFile, D:\BACH KHOA\Semester 5\Vi Xu Ly\LAB2\Ex2\Ex2\Core\Inc\stm32f1xx_it.h_save
2023-10-05 09:35:34,094 [INFO] CodeEngine:257 - Generated code: D:\BACH KHOA\Semester 5\Vi Xu Ly\LAB2\Ex2\Ex2\Core\Inc\stm32f1xx_it.h
2023-10-05 09:35:34,110 [INFO] CodeEngine:239 - oldGeneratedFile, D:\BACH KHOA\Semester 5\Vi Xu Ly\LAB2\Ex2\Ex2\Core\Src\stm32f1xx_hal_msp.c_save
2023-10-05 09:35:34,203 [INFO] CodeEngine:257 - Generated code: D:\BACH KHOA\Semester 5\Vi Xu Ly\LAB2\Ex2\Ex2\Core\Src\stm32f1xx_hal_msp.c
2023-10-05 09:35:34,203 [INFO] CodeEngine:239 - oldGeneratedFile, D:\BACH KHOA\Semester 5\Vi Xu Ly\LAB2\Ex2\Ex2\MXTmpFiles\system.tmp_save
2023-10-05 09:35:34,250 [INFO] CodeEngine:257 - Generated code: D:\BACH KHOA\Semester 5\Vi Xu Ly\LAB2\Ex2\Ex2\MXTmpFiles\system.tmp
2023-10-05 09:35:34,266 [INFO] CodeEngine:239 - oldGeneratedFile, D:\BACH KHOA\Semester 5\Vi Xu Ly\LAB2\Ex2\Ex2\Core\Inc\stm32f1xx_hal_conf.h_save
2023-10-05 09:35:34,422 [INFO] CodeEngine:257 - Generated code: D:\BACH KHOA\Semester 5\Vi Xu Ly\LAB2\Ex2\Ex2\Core\Inc\stm32f1xx_hal_conf.h
2023-10-05 09:35:34,438 [WARN] IPConfigManager:3148 - IP not found : TIM
2023-10-05 09:35:34,438 [WARN] CodeGenerator:3268 - IP not found : null
2023-10-05 09:35:34,438 [INFO] CodeEngine:239 - oldGeneratedFile, D:\BACH KHOA\Semester 5\Vi Xu Ly\LAB2\Ex2\Ex2\Core\Inc\main.h_save
2023-10-05 09:35:34,500 [INFO] CodeEngine:257 - Generated code: D:\BACH KHOA\Semester 5\Vi Xu Ly\LAB2\Ex2\Ex2\Core\Inc\main.h
2023-10-05 09:35:34,516 [INFO] CodeEngine:239 - oldGeneratedFile, D:\BACH KHOA\Semester 5\Vi Xu Ly\LAB2\Ex2\Ex2\Core\Src\main.c_save
2023-10-05 09:35:34,610 [INFO] CodeEngine:257 - Generated code: D:\BACH KHOA\Semester 5\Vi Xu Ly\LAB2\Ex2\Ex2\Core\Src\main.c
2023-10-05 09:35:35,100 [INFO] ProjectBuilder:2578 - Time for Copy HAL[1] : 47mS.
2023-10-05 09:35:35,100 [INFO] ProjectBuilder:3622 - Project Generator version: 3.14.1
2023-10-05 09:35:35,522 [INFO] ConfigFileManager:1271 - The Die is : DIE412
2023-10-05 09:35:37,210 [INFO] ProjectBuilder:3789 - Time for Generating toolchain IDE Files: 2110mS.
2023-10-05 09:35:37,210 [INFO] ProjectBuilder:2457 - Time for Copy CMSIS : 0mS.
2023-10-05 09:35:37,210 [INFO] ProjectBuilder:2457 - Time for Copy CMSIS : 0mS.
2023-10-05 09:37:36,706 [INFO] UtilMem:74 - End SaveConfig() Used Memory: 460813512 Bytes (903872512)
2023-10-05 10:16:32,256 [INFO] NvicIntPanel:96 - NVIC parent = com.st.microxplorer.plugins.ip.nvic.MultiNvicIntPanel[,0,0,0x0,invalid,layout=javax.swing.BoxLayout,alignmentX=0.0,alignmentY=0.0,border=,flags=9,maximumSize=,minimumSize=,preferredSize=]
2023-10-05 10:16:39,616 [INFO] NvicIntPanel:96 - NVIC parent = com.st.microxplorer.plugins.ip.nvic.MultiNvicIntPanel[,0,0,0x0,invalid,layout=javax.swing.BoxLayout,alignmentX=0.0,alignmentY=0.0,border=,flags=9,maximumSize=,minimumSize=,preferredSize=]
2023-10-05 10:16:40,740 [INFO] UtilMem:74 - End SaveConfig() Used Memory: 598147800 Bytes (903872512)
2023-10-05 10:16:41,717 [INFO] UtilMem:74 - End SaveConfig() Used Memory: 615973592 Bytes (903872512)
2023-10-05 10:16:43,048 [INFO] UtilMem:74 - End SaveConfig() Used Memory: 691665648 Bytes (903872512)
2023-10-05 10:16:43,231 [INFO] BlockDiagram:2740 - set Specific Code input for plugin: NVIC
2023-10-05 10:16:43,231 [INFO] BlockDiagram:2740 - set Specific Code input for plugin: SYS
2023-10-05 10:16:43,231 [INFO] BlockDiagram:2740 - set Specific Code input for plugin: GPIO
2023-10-05 10:16:43,231 [INFO] BlockDiagram:2740 - set Specific Code input for plugin: RCC
2023-10-05 10:16:43,231 [INFO] BlockDiagram:2740 - set Specific Code input for plugin: TIM1_8F1
2023-10-05 10:16:43,231 [INFO] CodeGenerator:663 - code generatio: config db path: C:\ST\STM32CubeIDE_1.7.0\STM32CubeIDE\plugins\com.st.stm32cube.common.mx_6.3.0.202107141111\\db\
2023-10-05 10:16:43,513 [INFO] CodeEngine:239 - oldGeneratedFile, D:\BACH KHOA\Semester 5\Vi Xu Ly\LAB2\Ex2\Ex2\MXTmpFiles\license.tmp_save
2023-10-05 10:16:43,559 [INFO] CodeEngine:257 - Generated code: D:\BACH KHOA\Semester 5\Vi Xu Ly\LAB2\Ex2\Ex2\MXTmpFiles\license.tmp
2023-10-05 10:16:43,591 [INFO] CodeEngine:239 - oldGeneratedFile, D:\BACH KHOA\Semester 5\Vi Xu Ly\LAB2\Ex2\Ex2\MXTmpFiles\gpio.tmp_save
2023-10-05 10:16:43,638 [INFO] CodeEngine:257 - Generated code: D:\BACH KHOA\Semester 5\Vi Xu Ly\LAB2\Ex2\Ex2\MXTmpFiles\gpio.tmp
2023-10-05 10:16:43,700 [INFO] CodeEngine:239 - oldGeneratedFile, D:\BACH KHOA\Semester 5\Vi Xu Ly\LAB2\Ex2\Ex2\Core\Src\stm32f1xx_it.c_save
2023-10-05 10:16:43,762 [INFO] CodeEngine:257 - Generated code: D:\BACH KHOA\Semester 5\Vi Xu Ly\LAB2\Ex2\Ex2\Core\Src\stm32f1xx_it.c
2023-10-05 10:16:43,762 [INFO] CodeEngine:239 - oldGeneratedFile, D:\BACH KHOA\Semester 5\Vi Xu Ly\LAB2\Ex2\Ex2\Core\Inc\stm32f1xx_it.h_save
2023-10-05 10:16:43,825 [INFO] CodeEngine:257 - Generated code: D:\BACH KHOA\Semester 5\Vi Xu Ly\LAB2\Ex2\Ex2\Core\Inc\stm32f1xx_it.h
2023-10-05 10:16:43,841 [INFO] CodeEngine:239 - oldGeneratedFile, D:\BACH KHOA\Semester 5\Vi Xu Ly\LAB2\Ex2\Ex2\Core\Src\stm32f1xx_hal_msp.c_save
2023-10-05 10:16:43,915 [INFO] CodeEngine:257 - Generated code: D:\BACH KHOA\Semester 5\Vi Xu Ly\LAB2\Ex2\Ex2\Core\Src\stm32f1xx_hal_msp.c
2023-10-05 10:16:43,915 [INFO] CodeEngine:239 - oldGeneratedFile, D:\BACH KHOA\Semester 5\Vi Xu Ly\LAB2\Ex2\Ex2\MXTmpFiles\system.tmp_save
2023-10-05 10:16:43,962 [INFO] CodeEngine:257 - Generated code: D:\BACH KHOA\Semester 5\Vi Xu Ly\LAB2\Ex2\Ex2\MXTmpFiles\system.tmp
2023-10-05 10:16:43,978 [INFO] CodeEngine:239 - oldGeneratedFile, D:\BACH KHOA\Semester 5\Vi Xu Ly\LAB2\Ex2\Ex2\Core\Inc\stm32f1xx_hal_conf.h_save
2023-10-05 10:16:44,040 [INFO] CodeEngine:257 - Generated code: D:\BACH KHOA\Semester 5\Vi Xu Ly\LAB2\Ex2\Ex2\Core\Inc\stm32f1xx_hal_conf.h
2023-10-05 10:16:44,056 [WARN] IPConfigManager:3148 - IP not found : TIM
2023-10-05 10:16:44,056 [WARN] CodeGenerator:3268 - IP not found : null
2023-10-05 10:16:44,056 [INFO] CodeEngine:239 - oldGeneratedFile, D:\BACH KHOA\Semester 5\Vi Xu Ly\LAB2\Ex2\Ex2\Core\Inc\main.h_save
2023-10-05 10:16:44,119 [INFO] CodeEngine:257 - Generated code: D:\BACH KHOA\Semester 5\Vi Xu Ly\LAB2\Ex2\Ex2\Core\Inc\main.h
2023-10-05 10:16:44,134 [INFO] CodeEngine:239 - oldGeneratedFile, D:\BACH KHOA\Semester 5\Vi Xu Ly\LAB2\Ex2\Ex2\Core\Src\main.c_save
2023-10-05 10:16:44,212 [INFO] CodeEngine:257 - Generated code: D:\BACH KHOA\Semester 5\Vi Xu Ly\LAB2\Ex2\Ex2\Core\Src\main.c
2023-10-05 10:16:44,806 [INFO] ProjectBuilder:2578 - Time for Copy HAL[1] : 47mS.
2023-10-05 10:16:44,806 [INFO] ProjectBuilder:3622 - Project Generator version: 3.14.1
2023-10-05 10:16:45,073 [INFO] ConfigFileManager:1271 - The Die is : DIE412
2023-10-05 10:16:46,449 [INFO] ProjectBuilder:3789 - Time for Generating toolchain IDE Files: 1643mS.
2023-10-05 10:16:46,449 [INFO] ProjectBuilder:2457 - Time for Copy CMSIS : 0mS.
2023-10-05 10:16:46,449 [INFO] ProjectBuilder:2457 - Time for Copy CMSIS : 0mS.
2023-10-05 11:10:50,853 [INFO] UtilMem:74 - End SaveConfig() Used Memory: 519256400 Bytes (919601152)
2023-10-05 11:10:54,323 [INFO] UtilMem:74 - End SaveConfig() Used Memory: 536559952 Bytes (919601152)
2023-10-05 11:10:55,578 [INFO] UtilMem:74 - End SaveConfig() Used Memory: 346361120 Bytes (919601152)
2023-10-05 11:10:55,815 [INFO] BlockDiagram:2740 - set Specific Code input for plugin: NVIC
2023-10-05 11:10:55,815 [INFO] BlockDiagram:2740 - set Specific Code input for plugin: SYS
2023-10-05 11:10:55,815 [INFO] BlockDiagram:2740 - set Specific Code input for plugin: GPIO
2023-10-05 11:10:55,815 [INFO] BlockDiagram:2740 - set Specific Code input for plugin: RCC
2023-10-05 11:10:55,815 [INFO] BlockDiagram:2740 - set Specific Code input for plugin: TIM1_8F1
2023-10-05 11:10:55,815 [INFO] CodeGenerator:663 - code generatio: config db path: C:\ST\STM32CubeIDE_1.7.0\STM32CubeIDE\plugins\com.st.stm32cube.common.mx_6.3.0.202107141111\\db\
2023-10-05 11:10:56,071 [INFO] CodeEngine:239 - oldGeneratedFile, D:\BACH KHOA\Semester 5\Vi Xu Ly\LAB2\Ex2\Ex2\MXTmpFiles\license.tmp_save
2023-10-05 11:10:56,118 [INFO] CodeEngine:257 - Generated code: D:\BACH KHOA\Semester 5\Vi Xu Ly\LAB2\Ex2\Ex2\MXTmpFiles\license.tmp
2023-10-05 11:10:56,134 [INFO] CodeEngine:239 - oldGeneratedFile, D:\BACH KHOA\Semester 5\Vi Xu Ly\LAB2\Ex2\Ex2\MXTmpFiles\gpio.tmp_save
2023-10-05 11:10:56,181 [INFO] CodeEngine:257 - Generated code: D:\BACH KHOA\Semester 5\Vi Xu Ly\LAB2\Ex2\Ex2\MXTmpFiles\gpio.tmp
2023-10-05 11:10:56,353 [INFO] CodeEngine:239 - oldGeneratedFile, D:\BACH KHOA\Semester 5\Vi Xu Ly\LAB2\Ex2\Ex2\Core\Src\stm32f1xx_it.c_save
2023-10-05 11:10:56,431 [INFO] CodeEngine:257 - Generated code: D:\BACH KHOA\Semester 5\Vi Xu Ly\LAB2\Ex2\Ex2\Core\Src\stm32f1xx_it.c
2023-10-05 11:10:56,447 [INFO] CodeEngine:239 - oldGeneratedFile, D:\BACH KHOA\Semester 5\Vi Xu Ly\LAB2\Ex2\Ex2\Core\Inc\stm32f1xx_it.h_save
2023-10-05 11:10:56,525 [INFO] CodeEngine:257 - Generated code: D:\BACH KHOA\Semester 5\Vi Xu Ly\LAB2\Ex2\Ex2\Core\Inc\stm32f1xx_it.h
2023-10-05 11:10:56,540 [INFO] CodeEngine:239 - oldGeneratedFile, D:\BACH KHOA\Semester 5\Vi Xu Ly\LAB2\Ex2\Ex2\Core\Src\stm32f1xx_hal_msp.c_save
2023-10-05 11:10:56,619 [INFO] CodeEngine:257 - Generated code: D:\BACH KHOA\Semester 5\Vi Xu Ly\LAB2\Ex2\Ex2\Core\Src\stm32f1xx_hal_msp.c
2023-10-05 11:10:56,634 [INFO] CodeEngine:239 - oldGeneratedFile, D:\BACH KHOA\Semester 5\Vi Xu Ly\LAB2\Ex2\Ex2\MXTmpFiles\system.tmp_save
2023-10-05 11:10:56,666 [INFO] CodeEngine:257 - Generated code: D:\BACH KHOA\Semester 5\Vi Xu Ly\LAB2\Ex2\Ex2\MXTmpFiles\system.tmp
2023-10-05 11:10:56,681 [INFO] CodeEngine:239 - oldGeneratedFile, D:\BACH KHOA\Semester 5\Vi Xu Ly\LAB2\Ex2\Ex2\Core\Inc\stm32f1xx_hal_conf.h_save
2023-10-05 11:10:56,744 [INFO] CodeEngine:257 - Generated code: D:\BACH KHOA\Semester 5\Vi Xu Ly\LAB2\Ex2\Ex2\Core\Inc\stm32f1xx_hal_conf.h
2023-10-05 11:10:56,759 [WARN] IPConfigManager:3148 - IP not found : TIM
2023-10-05 11:10:56,759 [WARN] CodeGenerator:3268 - IP not found : null
2023-10-05 11:10:56,775 [INFO] CodeEngine:239 - oldGeneratedFile, D:\BACH KHOA\Semester 5\Vi Xu Ly\LAB2\Ex2\Ex2\Core\Inc\main.h_save
2023-10-05 11:10:56,824 [INFO] CodeEngine:257 - Generated code: D:\BACH KHOA\Semester 5\Vi Xu Ly\LAB2\Ex2\Ex2\Core\Inc\main.h
2023-10-05 11:10:56,824 [INFO] CodeEngine:239 - oldGeneratedFile, D:\BACH KHOA\Semester 5\Vi Xu Ly\LAB2\Ex2\Ex2\Core\Src\main.c_save
2023-10-05 11:10:56,918 [INFO] CodeEngine:257 - Generated code: D:\BACH KHOA\Semester 5\Vi Xu Ly\LAB2\Ex2\Ex2\Core\Src\main.c
2023-10-05 11:10:57,603 [INFO] ProjectBuilder:2578 - Time for Copy HAL[1] : 46mS.
2023-10-05 11:10:57,603 [INFO] ProjectBuilder:3622 - Project Generator version: 3.14.1
2023-10-05 11:10:57,979 [INFO] ConfigFileManager:1271 - The Die is : DIE412
2023-10-05 11:10:59,497 [INFO] ProjectBuilder:3789 - Time for Generating toolchain IDE Files: 1894mS.
2023-10-05 11:10:59,497 [INFO] ProjectBuilder:2457 - Time for Copy CMSIS : 0mS.
2023-10-05 11:10:59,497 [INFO] ProjectBuilder:2457 - Time for Copy CMSIS : 0mS.
